2022-01-11 14:12:39,976 [WARN] from org.springframework.boot.StartupInfoLogger in restartedMain - InetAddress.getLocalHost().getHostName() took 5004 milliseconds to respond. Please verify your network configuration (macOS machines may need to add entries to /etc/hosts).
2022-01-11 14:12:44,988 [INFO] from com.bruincreates.server.ServerApplication in restartedMain - Starting ServerApplication on Aos-MacBook-Pro.local with PID 42336 (/Users/aojiao/BruinCreates/bruincreates-springboot-server/target/classes started by aojiao in /Users/aojiao/BruinCreates/bruincreates-springboot-server)
2022-01-11 14:12:44,990 [INFO] from com.bruincreates.server.ServerApplication in restartedMain - No active profile set, falling back to default profiles: default
2022-01-11 14:12:45,101 [INFO] from org.springframework.boot.devtools.env.DevToolsPropertyDefaultsPostProcessor in restartedMain - Devtools property defaults active! Set 'spring.devtools.add-properties' to 'false' to disable
2022-01-11 14:12:45,102 [INFO] from org.springframework.boot.devtools.env.DevToolsPropertyDefaultsPostProcessor in restartedMain - For additional web related logging consider setting the 'logging.level.web' property to 'DEBUG'
2022-01-11 14:12:46,527 [INFO] from org.springframework.data.repository.config.RepositoryConfigurationDelegate in restartedMain - Multiple Spring Data modules found, entering strict repository configuration mode!
2022-01-11 14:12:46,529 [INFO] from org.springframework.data.repository.config.RepositoryConfigurationDelegate in restartedMain - Bootstrapping Spring Data Elasticsearch repositories in DEFAULT mode.
2022-01-11 14:12:46,555 [INFO] from org.springframework.data.repository.config.RepositoryConfigurationDelegate in restartedMain - Finished Spring Data repository scanning in 17ms. Found 0 Elasticsearch repository interfaces.
2022-01-11 14:12:46,561 [INFO] from org.springframework.data.repository.config.RepositoryConfigurationDelegate in restartedMain - Multiple Spring Data modules found, entering strict repository configuration mode!
2022-01-11 14:12:46,562 [INFO] from org.springframework.data.repository.config.RepositoryConfigurationDelegate in restartedMain - Bootstrapping Spring Data Reactive Elasticsearch repositories in DEFAULT mode.
2022-01-11 14:12:46,577 [INFO] from org.springframework.data.repository.config.RepositoryConfigurationDelegate in restartedMain - Finished Spring Data repository scanning in 14ms. Found 0 Reactive Elasticsearch repository interfaces.
2022-01-11 14:12:46,601 [INFO] from org.springframework.data.repository.config.RepositoryConfigurationDelegate in restartedMain - Multiple Spring Data modules found, entering strict repository configuration mode!
2022-01-11 14:12:46,603 [INFO] from org.springframework.data.repository.config.RepositoryConfigurationDelegate in restartedMain - Bootstrapping Spring Data Redis repositories in DEFAULT mode.
2022-01-11 14:12:46,625 [INFO] from org.springframework.data.repository.config.RepositoryConfigurationDelegate in restartedMain - Finished Spring Data repository scanning in 8ms. Found 0 Redis repository interfaces.
2022-01-11 14:12:47,119 [INFO] from org.springframework.context.support.PostProcessorRegistrationDelegate$BeanPostProcessorChecker in restartedMain - Bean 'org.springframework.security.config.annotation.configuration.ObjectPostProcessorConfiguration' of type [org.springframework.security.config.annotation.configuration.ObjectPostProcessorConfiguration] is not eligible for getting processed by all BeanPostProcessors (for example: not eligible for auto-proxying)
2022-01-11 14:12:47,193 [INFO] from org.springframework.context.support.PostProcessorRegistrationDelegate$BeanPostProcessorChecker in restartedMain - Bean 'objectPostProcessor' of type [org.springframework.security.config.annotation.configuration.AutowireBeanFactoryObjectPostProcessor] is not eligible for getting processed by all BeanPostProcessors (for example: not eligible for auto-proxying)
2022-01-11 14:12:47,197 [INFO] from org.springframework.context.support.PostProcessorRegistrationDelegate$BeanPostProcessorChecker in restartedMain - Bean 'org.springframework.security.access.expression.method.DefaultMethodSecurityExpressionHandler@24de7706' of type [org.springframework.security.access.expression.method.DefaultMethodSecurityExpressionHandler] is not eligible for getting processed by all BeanPostProcessors (for example: not eligible for auto-proxying)
2022-01-11 14:12:47,199 [INFO] from org.springframework.context.support.PostProcessorRegistrationDelegate$BeanPostProcessorChecker in restartedMain - Bean 'org.springframework.security.config.annotation.method.configuration.GlobalMethodSecurityConfiguration' of type [org.springframework.security.config.annotation.method.configuration.GlobalMethodSecurityConfiguration] is not eligible for getting processed by all BeanPostProcessors (for example: not eligible for auto-proxying)
2022-01-11 14:12:47,203 [INFO] from org.springframework.context.support.PostProcessorRegistrationDelegate$BeanPostProcessorChecker in restartedMain - Bean 'methodSecurityMetadataSource' of type [org.springframework.security.access.method.DelegatingMethodSecurityMetadataSource] is not eligible for getting processed by all BeanPostProcessors (for example: not eligible for auto-proxying)
2022-01-11 14:12:47,967 [INFO] from org.springframework.boot.web.embedded.tomcat.TomcatWebServer in restartedMain - Tomcat initialized with port(s): 8080 (http)
2022-01-11 14:12:47,980 [INFO] from org.apache.coyote.http11.Http11NioProtocol in restartedMain - Initializing ProtocolHandler ["http-nio-8080"]
2022-01-11 14:12:47,981 [INFO] from org.apache.catalina.core.StandardService in restartedMain - Starting service [Tomcat]
2022-01-11 14:12:47,981 [INFO] from org.apache.catalina.core.StandardEngine in restartedMain - Starting Servlet engine: [Apache Tomcat/9.0.33]
2022-01-11 14:12:48,205 [INFO] from org.apache.catalina.core.ContainerBase.[Tomcat].[localhost].[/] in restartedMain - Initializing Spring embedded WebApplicationContext
2022-01-11 14:12:48,206 [INFO] from org.springframework.web.context.ContextLoader in restartedMain - Root WebApplicationContext: initialization completed in 3104 ms
2022-01-11 14:12:50,505 [INFO] from org.springframework.security.web.DefaultSecurityFilterChain in restartedMain - Creating filter chain: any request, [org.springframework.security.web.context.request.async.WebAsyncManagerIntegrationFilter@5a92ddbe, org.springframework.security.web.context.SecurityContextPersistenceFilter@3362d25d, org.springframework.security.web.header.HeaderWriterFilter@45e8e82e, org.springframework.web.filter.CorsFilter@70c975d6, org.springframework.security.web.authentication.logout.LogoutFilter@37501c21, org.springframework.security.web.authentication.UsernamePasswordAuthenticationFilter@7de4335b, org.springframework.security.web.session.ConcurrentSessionFilter@6c73af59, org.springframework.security.web.savedrequest.RequestCacheAwareFilter@5a39a9cd, org.springframework.security.web.servletapi.SecurityContextHolderAwareRequestFilter@d6048e6, org.springframework.security.web.authentication.AnonymousAuthenticationFilter@7c1f15df, org.springframework.security.web.session.SessionManagementFilter@67a8dba0, org.springframework.security.web.access.ExceptionTranslationFilter@10e9f41a, org.springframework.security.web.access.intercept.FilterSecurityInterceptor@2f7910d7]
2022-01-11 14:12:50,654 [INFO] from io.lettuce.core.EpollProvider in restartedMain - Starting without optional epoll library
2022-01-11 14:12:50,655 [INFO] from io.lettuce.core.KqueueProvider in restartedMain - Starting without optional kqueue library
2022-01-11 14:12:56,809 [WARN] from org.springframework.boot.web.servlet.context.AnnotationConfigServletWebServerApplicationContext in restartedMain - Exception encountered during context initialization - cancelling refresh attempt: org.springframework.beans.factory.BeanCreationException: Error creating bean with name 'enableRedisKeyspaceNotificationsInitializer' defined in org.springframework.session.data.redis.config.annotation.web.http.RedisHttpSessionConfiguration: Invocation of init method failed; nested exception is org.springframework.data.redis.RedisConnectionFailureException: Unable to connect to Redis; nested exception is io.lettuce.core.RedisConnectionException: Unable to connect to 127.0.0.1:6379
2022-01-11 14:12:56,942 [INFO] from org.apache.catalina.core.StandardService in restartedMain - Stopping service [Tomcat]
2022-01-11 14:12:56,953 [INFO] from org.springframework.boot.autoconfigure.logging.ConditionEvaluationReportLoggingListener in restartedMain - 

Error starting ApplicationContext. To display the conditions report re-run your application with 'debug' enabled.
2022-01-11 14:12:56,964 [ERROR] from org.springframework.boot.SpringApplication in restartedMain - Application run failed
org.springframework.beans.factory.BeanCreationException: Error creating bean with name 'enableRedisKeyspaceNotificationsInitializer' defined in org.springframework.session.data.redis.config.annotation.web.http.RedisHttpSessionConfiguration: Invocation of init method failed; nested exception is org.springframework.data.redis.RedisConnectionFailureException: Unable to connect to Redis; nested exception is io.lettuce.core.RedisConnectionException: Unable to connect to 127.0.0.1:6379
	at org.springframework.beans.factory.support.AbstractAutowireCapableBeanFactory.initializeBean(AbstractAutowireCapableBeanFactory.java:1796)
	at org.springframework.beans.factory.support.AbstractAutowireCapableBeanFactory.doCreateBean(AbstractAutowireCapableBeanFactory.java:595)
	at org.springframework.beans.factory.support.AbstractAutowireCapableBeanFactory.createBean(AbstractAutowireCapableBeanFactory.java:517)
	at org.springframework.beans.factory.support.AbstractBeanFactory.lambda$doGetBean$0(AbstractBeanFactory.java:323)
	at org.springframework.beans.factory.support.DefaultSingletonBeanRegistry.getSingleton(DefaultSingletonBeanRegistry.java:222)
	at org.springframework.beans.factory.support.AbstractBeanFactory.doGetBean(AbstractBeanFactory.java:321)
	at org.springframework.beans.factory.support.AbstractBeanFactory.getBean(AbstractBeanFactory.java:202)
	at org.springframework.beans.factory.support.DefaultListableBeanFactory.preInstantiateSingletons(DefaultListableBeanFactory.java:882)
	at org.springframework.context.support.AbstractApplicationContext.finishBeanFactoryInitialization(AbstractApplicationContext.java:878)
	at org.springframework.context.support.AbstractApplicationContext.refresh(AbstractApplicationContext.java:550)
	at org.springframework.boot.web.servlet.context.ServletWebServerApplicationContext.refresh(ServletWebServerApplicationContext.java:141)
	at org.springframework.boot.SpringApplication.refresh(SpringApplication.java:747)
	at org.springframework.boot.SpringApplication.refreshContext(SpringApplication.java:397)
	at org.springframework.boot.SpringApplication.run(SpringApplication.java:315)
	at org.springframework.boot.SpringApplication.run(SpringApplication.java:1226)
	at org.springframework.boot.SpringApplication.run(SpringApplication.java:1215)
	at com.bruincreates.server.ServerApplication.main(ServerApplication.java:11)
	at sun.reflect.NativeMethodAccessorImpl.invoke0(Native Method)
	at sun.reflect.NativeMethodAccessorImpl.invoke(NativeMethodAccessorImpl.java:62)
	at sun.reflect.DelegatingMethodAccessorImpl.invoke(DelegatingMethodAccessorImpl.java:43)
	at java.lang.reflect.Method.invoke(Method.java:498)
	at org.springframework.boot.devtools.restart.RestartLauncher.run(RestartLauncher.java:49)
Caused by: org.springframework.data.redis.RedisConnectionFailureException: Unable to connect to Redis; nested exception is io.lettuce.core.RedisConnectionException: Unable to connect to 127.0.0.1:6379
	at org.springframework.data.redis.connection.lettuce.LettuceConnectionFactory$SharedConnection.getNativeConnection(LettuceConnectionFactory.java:1199)
	at org.springframework.data.redis.connection.lettuce.LettuceConnectionFactory$SharedConnection.getConnection(LettuceConnectionFactory.java:1178)
	at org.springframework.data.redis.connection.lettuce.LettuceConnectionFactory.getSharedConnection(LettuceConnectionFactory.java:942)
	at org.springframework.data.redis.connection.lettuce.LettuceConnectionFactory.getConnection(LettuceConnectionFactory.java:353)
	at org.springframework.session.data.redis.config.annotation.web.http.RedisHttpSessionConfiguration$EnableRedisKeyspaceNotificationsInitializer.afterPropertiesSet(RedisHttpSessionConfiguration.java:331)
	at org.springframework.beans.factory.support.AbstractAutowireCapableBeanFactory.invokeInitMethods(AbstractAutowireCapableBeanFactory.java:1855)
	at org.springframework.beans.factory.support.AbstractAutowireCapableBeanFactory.initializeBean(AbstractAutowireCapableBeanFactory.java:1792)
	... 21 common frames omitted
Caused by: io.lettuce.core.RedisConnectionException: Unable to connect to 127.0.0.1:6379
	at io.lettuce.core.RedisConnectionException.create(RedisConnectionException.java:78)
	at io.lettuce.core.RedisConnectionException.create(RedisConnectionException.java:56)
	at io.lettuce.core.AbstractRedisClient.getConnection(AbstractRedisClient.java:234)
	at io.lettuce.core.RedisClient.connect(RedisClient.java:207)
	at org.springframework.data.redis.connection.lettuce.StandaloneConnectionProvider.lambda$getConnection$1(StandaloneConnectionProvider.java:115)
	at java.util.Optional.orElseGet(Optional.java:267)
	at org.springframework.data.redis.connection.lettuce.StandaloneConnectionProvider.getConnection(StandaloneConnectionProvider.java:115)
	at org.springframework.data.redis.connection.lettuce.LettuceConnectionFactory$SharedConnection.getNativeConnection(LettuceConnectionFactory.java:1197)
	... 27 common frames omitted
Caused by: io.netty.channel.AbstractChannel$AnnotatedConnectException: Connection refused: /127.0.0.1:6379
Caused by: java.net.ConnectException: Connection refused
	at sun.nio.ch.SocketChannelImpl.checkConnect(Native Method)
	at sun.nio.ch.SocketChannelImpl.finishConnect(SocketChannelImpl.java:716)
	at io.netty.channel.socket.nio.NioSocketChannel.doFinishConnect(NioSocketChannel.java:330)
	at io.netty.channel.nio.AbstractNioChannel$AbstractNioUnsafe.finishConnect(AbstractNioChannel.java:334)
	at io.netty.channel.nio.NioEventLoop.processSelectedKey(NioEventLoop.java:702)
	at io.netty.channel.nio.NioEventLoop.processSelectedKeysOptimized(NioEventLoop.java:650)
	at io.netty.channel.nio.NioEventLoop.processSelectedKeys(NioEventLoop.java:576)
	at io.netty.channel.nio.NioEventLoop.run(NioEventLoop.java:493)
	at io.netty.util.concurrent.SingleThreadEventExecutor$4.run(SingleThreadEventExecutor.java:989)
	at io.netty.util.internal.ThreadExecutorMap$2.run(ThreadExecutorMap.java:74)
	at io.netty.util.concurrent.FastThreadLocalRunnable.run(FastThreadLocalRunnable.java:30)
	at java.lang.Thread.run(Thread.java:748)
2022-01-11 14:30:24,353 [WARN] from org.springframework.boot.StartupInfoLogger in restartedMain - InetAddress.getLocalHost().getHostName() took 5005 milliseconds to respond. Please verify your network configuration (macOS machines may need to add entries to /etc/hosts).
2022-01-11 14:30:29,359 [INFO] from com.bruincreates.server.ServerApplication in restartedMain - Starting ServerApplication on Aos-MacBook-Pro.local with PID 42397 (/Users/aojiao/BruinCreates/bruincreates-springboot-server/target/classes started by aojiao in /Users/aojiao/BruinCreates/bruincreates-springboot-server)
2022-01-11 14:30:29,361 [INFO] from com.bruincreates.server.ServerApplication in restartedMain - No active profile set, falling back to default profiles: default
2022-01-11 14:30:29,418 [INFO] from org.springframework.boot.devtools.env.DevToolsPropertyDefaultsPostProcessor in restartedMain - Devtools property defaults active! Set 'spring.devtools.add-properties' to 'false' to disable
2022-01-11 14:30:29,419 [INFO] from org.springframework.boot.devtools.env.DevToolsPropertyDefaultsPostProcessor in restartedMain - For additional web related logging consider setting the 'logging.level.web' property to 'DEBUG'
2022-01-11 14:30:30,484 [INFO] from org.springframework.data.repository.config.RepositoryConfigurationDelegate in restartedMain - Multiple Spring Data modules found, entering strict repository configuration mode!
2022-01-11 14:30:30,487 [INFO] from org.springframework.data.repository.config.RepositoryConfigurationDelegate in restartedMain - Bootstrapping Spring Data Elasticsearch repositories in DEFAULT mode.
2022-01-11 14:30:30,517 [INFO] from org.springframework.data.repository.config.RepositoryConfigurationDelegate in restartedMain - Finished Spring Data repository scanning in 21ms. Found 0 Elasticsearch repository interfaces.
2022-01-11 14:30:30,525 [INFO] from org.springframework.data.repository.config.RepositoryConfigurationDelegate in restartedMain - Multiple Spring Data modules found, entering strict repository configuration mode!
2022-01-11 14:30:30,526 [INFO] from org.springframework.data.repository.config.RepositoryConfigurationDelegate in restartedMain - Bootstrapping Spring Data Reactive Elasticsearch repositories in DEFAULT mode.
2022-01-11 14:30:30,541 [INFO] from org.springframework.data.repository.config.RepositoryConfigurationDelegate in restartedMain - Finished Spring Data repository scanning in 14ms. Found 0 Reactive Elasticsearch repository interfaces.
2022-01-11 14:30:30,560 [INFO] from org.springframework.data.repository.config.RepositoryConfigurationDelegate in restartedMain - Multiple Spring Data modules found, entering strict repository configuration mode!
2022-01-11 14:30:30,563 [INFO] from org.springframework.data.repository.config.RepositoryConfigurationDelegate in restartedMain - Bootstrapping Spring Data Redis repositories in DEFAULT mode.
2022-01-11 14:30:30,582 [INFO] from org.springframework.data.repository.config.RepositoryConfigurationDelegate in restartedMain - Finished Spring Data repository scanning in 5ms. Found 0 Redis repository interfaces.
2022-01-11 14:30:31,161 [INFO] from org.springframework.context.support.PostProcessorRegistrationDelegate$BeanPostProcessorChecker in restartedMain - Bean 'org.springframework.security.config.annotation.configuration.ObjectPostProcessorConfiguration' of type [org.springframework.security.config.annotation.configuration.ObjectPostProcessorConfiguration] is not eligible for getting processed by all BeanPostProcessors (for example: not eligible for auto-proxying)
2022-01-11 14:30:31,211 [INFO] from org.springframework.context.support.PostProcessorRegistrationDelegate$BeanPostProcessorChecker in restartedMain - Bean 'objectPostProcessor' of type [org.springframework.security.config.annotation.configuration.AutowireBeanFactoryObjectPostProcessor] is not eligible for getting processed by all BeanPostProcessors (for example: not eligible for auto-proxying)
2022-01-11 14:30:31,214 [INFO] from org.springframework.context.support.PostProcessorRegistrationDelegate$BeanPostProcessorChecker in restartedMain - Bean 'org.springframework.security.access.expression.method.DefaultMethodSecurityExpressionHandler@42f716ed' of type [org.springframework.security.access.expression.method.DefaultMethodSecurityExpressionHandler] is not eligible for getting processed by all BeanPostProcessors (for example: not eligible for auto-proxying)
2022-01-11 14:30:31,217 [INFO] from org.springframework.context.support.PostProcessorRegistrationDelegate$BeanPostProcessorChecker in restartedMain - Bean 'org.springframework.security.config.annotation.method.configuration.GlobalMethodSecurityConfiguration' of type [org.springframework.security.config.annotation.method.configuration.GlobalMethodSecurityConfiguration] is not eligible for getting processed by all BeanPostProcessors (for example: not eligible for auto-proxying)
2022-01-11 14:30:31,221 [INFO] from org.springframework.context.support.PostProcessorRegistrationDelegate$BeanPostProcessorChecker in restartedMain - Bean 'methodSecurityMetadataSource' of type [org.springframework.security.access.method.DelegatingMethodSecurityMetadataSource] is not eligible for getting processed by all BeanPostProcessors (for example: not eligible for auto-proxying)
2022-01-11 14:30:31,730 [INFO] from org.springframework.boot.web.embedded.tomcat.TomcatWebServer in restartedMain - Tomcat initialized with port(s): 8080 (http)
2022-01-11 14:30:31,744 [INFO] from org.apache.coyote.http11.Http11NioProtocol in restartedMain - Initializing ProtocolHandler ["http-nio-8080"]
2022-01-11 14:30:31,745 [INFO] from org.apache.catalina.core.StandardService in restartedMain - Starting service [Tomcat]
2022-01-11 14:30:31,745 [INFO] from org.apache.catalina.core.StandardEngine in restartedMain - Starting Servlet engine: [Apache Tomcat/9.0.33]
2022-01-11 14:30:31,904 [INFO] from org.apache.catalina.core.ContainerBase.[Tomcat].[localhost].[/] in restartedMain - Initializing Spring embedded WebApplicationContext
2022-01-11 14:30:31,904 [INFO] from org.springframework.web.context.ContextLoader in restartedMain - Root WebApplicationContext: initialization completed in 2485 ms
2022-01-11 14:30:33,806 [INFO] from org.springframework.security.web.DefaultSecurityFilterChain in restartedMain - Creating filter chain: any request, [org.springframework.security.web.context.request.async.WebAsyncManagerIntegrationFilter@2e21f52e, org.springframework.security.web.context.SecurityContextPersistenceFilter@48fe56d8, org.springframework.security.web.header.HeaderWriterFilter@78a65a7e, org.springframework.web.filter.CorsFilter@429a67d4, org.springframework.security.web.authentication.logout.LogoutFilter@246cf0f1, org.springframework.security.web.authentication.UsernamePasswordAuthenticationFilter@5617e928, org.springframework.security.web.session.ConcurrentSessionFilter@6c17329c, org.springframework.security.web.savedrequest.RequestCacheAwareFilter@7a3696ae, org.springframework.security.web.servletapi.SecurityContextHolderAwareRequestFilter@7dd8bca7, org.springframework.security.web.authentication.AnonymousAuthenticationFilter@65d39664, org.springframework.security.web.session.SessionManagementFilter@325bef2f, org.springframework.security.web.access.ExceptionTranslationFilter@3e8e7a77, org.springframework.security.web.access.intercept.FilterSecurityInterceptor@7079f213]
2022-01-11 14:30:33,938 [INFO] from io.lettuce.core.EpollProvider in restartedMain - Starting without optional epoll library
2022-01-11 14:30:33,940 [INFO] from io.lettuce.core.KqueueProvider in restartedMain - Starting without optional kqueue library
2022-01-11 14:30:39,211 [INFO] from org.springframework.scheduling.concurrent.ThreadPoolTaskExecutor in restartedMain - Initializing ExecutorService 'applicationTaskExecutor'
2022-01-11 14:30:40,070 [INFO] from org.springframework.boot.devtools.autoconfigure.OptionalLiveReloadServer in restartedMain - LiveReload server is running on port 35729
2022-01-11 14:30:40,682 [INFO] from org.springframework.scheduling.annotation.ScheduledAnnotationBeanPostProcessor in restartedMain - No TaskScheduler/ScheduledExecutorService bean found for scheduled processing
2022-01-11 14:30:40,692 [INFO] from org.apache.coyote.http11.Http11NioProtocol in restartedMain - Starting ProtocolHandler ["http-nio-8080"]
2022-01-11 14:30:40,712 [INFO] from org.springframework.boot.web.embedded.tomcat.TomcatWebServer in restartedMain - Tomcat started on port(s): 8080 (http) with context path ''
2022-01-11 14:30:40,716 [INFO] from com.bruincreates.server.ServerApplication in restartedMain - Started ServerApplication in 32.326 seconds (JVM running for 39.206)
2022-01-11 14:38:07,691 [INFO] from org.springframework.scheduling.concurrent.ThreadPoolTaskExecutor in SpringContextShutdownHook - Shutting down ExecutorService 'applicationTaskExecutor'
2022-01-11 14:39:13,490 [WARN] from org.springframework.boot.StartupInfoLogger in restartedMain - InetAddress.getLocalHost().getHostName() took 5004 milliseconds to respond. Please verify your network configuration (macOS machines may need to add entries to /etc/hosts).
2022-01-11 14:39:18,499 [INFO] from com.bruincreates.server.ServerApplication in restartedMain - Starting ServerApplication on Aos-MacBook-Pro.local with PID 42454 (/Users/aojiao/BruinCreates/bruincreates-springboot-server/target/classes started by aojiao in /Users/aojiao/BruinCreates/bruincreates-springboot-server)
2022-01-11 14:39:18,500 [INFO] from com.bruincreates.server.ServerApplication in restartedMain - No active profile set, falling back to default profiles: default
2022-01-11 14:39:18,541 [INFO] from org.springframework.boot.devtools.env.DevToolsPropertyDefaultsPostProcessor in restartedMain - Devtools property defaults active! Set 'spring.devtools.add-properties' to 'false' to disable
2022-01-11 14:39:18,542 [INFO] from org.springframework.boot.devtools.env.DevToolsPropertyDefaultsPostProcessor in restartedMain - For additional web related logging consider setting the 'logging.level.web' property to 'DEBUG'
2022-01-11 14:39:19,226 [INFO] from org.springframework.data.repository.config.RepositoryConfigurationDelegate in restartedMain - Multiple Spring Data modules found, entering strict repository configuration mode!
2022-01-11 14:39:19,228 [INFO] from org.springframework.data.repository.config.RepositoryConfigurationDelegate in restartedMain - Bootstrapping Spring Data Elasticsearch repositories in DEFAULT mode.
2022-01-11 14:39:19,242 [INFO] from org.springframework.data.repository.config.RepositoryConfigurationDelegate in restartedMain - Finished Spring Data repository scanning in 10ms. Found 0 Elasticsearch repository interfaces.
2022-01-11 14:39:19,245 [INFO] from org.springframework.data.repository.config.RepositoryConfigurationDelegate in restartedMain - Multiple Spring Data modules found, entering strict repository configuration mode!
2022-01-11 14:39:19,245 [INFO] from org.springframework.data.repository.config.RepositoryConfigurationDelegate in restartedMain - Bootstrapping Spring Data Reactive Elasticsearch repositories in DEFAULT mode.
2022-01-11 14:39:19,250 [INFO] from org.springframework.data.repository.config.RepositoryConfigurationDelegate in restartedMain - Finished Spring Data repository scanning in 4ms. Found 0 Reactive Elasticsearch repository interfaces.
2022-01-11 14:39:19,260 [INFO] from org.springframework.data.repository.config.RepositoryConfigurationDelegate in restartedMain - Multiple Spring Data modules found, entering strict repository configuration mode!
2022-01-11 14:39:19,260 [INFO] from org.springframework.data.repository.config.RepositoryConfigurationDelegate in restartedMain - Bootstrapping Spring Data Redis repositories in DEFAULT mode.
2022-01-11 14:39:19,275 [INFO] from org.springframework.data.repository.config.RepositoryConfigurationDelegate in restartedMain - Finished Spring Data repository scanning in 8ms. Found 0 Redis repository interfaces.
2022-01-11 14:39:19,609 [INFO] from org.springframework.context.support.PostProcessorRegistrationDelegate$BeanPostProcessorChecker in restartedMain - Bean 'org.springframework.security.config.annotation.configuration.ObjectPostProcessorConfiguration' of type [org.springframework.security.config.annotation.configuration.ObjectPostProcessorConfiguration] is not eligible for getting processed by all BeanPostProcessors (for example: not eligible for auto-proxying)
2022-01-11 14:39:19,646 [INFO] from org.springframework.context.support.PostProcessorRegistrationDelegate$BeanPostProcessorChecker in restartedMain - Bean 'objectPostProcessor' of type [org.springframework.security.config.annotation.configuration.AutowireBeanFactoryObjectPostProcessor] is not eligible for getting processed by all BeanPostProcessors (for example: not eligible for auto-proxying)
2022-01-11 14:39:19,648 [INFO] from org.springframework.context.support.PostProcessorRegistrationDelegate$BeanPostProcessorChecker in restartedMain - Bean 'org.springframework.security.access.expression.method.DefaultMethodSecurityExpressionHandler@50b772f6' of type [org.springframework.security.access.expression.method.DefaultMethodSecurityExpressionHandler] is not eligible for getting processed by all BeanPostProcessors (for example: not eligible for auto-proxying)
2022-01-11 14:39:19,650 [INFO] from org.springframework.context.support.PostProcessorRegistrationDelegate$BeanPostProcessorChecker in restartedMain - Bean 'org.springframework.security.config.annotation.method.configuration.GlobalMethodSecurityConfiguration' of type [org.springframework.security.config.annotation.method.configuration.GlobalMethodSecurityConfiguration] is not eligible for getting processed by all BeanPostProcessors (for example: not eligible for auto-proxying)
2022-01-11 14:39:19,653 [INFO] from org.springframework.context.support.PostProcessorRegistrationDelegate$BeanPostProcessorChecker in restartedMain - Bean 'methodSecurityMetadataSource' of type [org.springframework.security.access.method.DelegatingMethodSecurityMetadataSource] is not eligible for getting processed by all BeanPostProcessors (for example: not eligible for auto-proxying)
2022-01-11 14:39:20,090 [INFO] from org.springframework.boot.web.embedded.tomcat.TomcatWebServer in restartedMain - Tomcat initialized with port(s): 8080 (http)
2022-01-11 14:39:20,097 [INFO] from org.apache.coyote.http11.Http11NioProtocol in restartedMain - Initializing ProtocolHandler ["http-nio-8080"]
2022-01-11 14:39:20,098 [INFO] from org.apache.catalina.core.StandardService in restartedMain - Starting service [Tomcat]
2022-01-11 14:39:20,098 [INFO] from org.apache.catalina.core.StandardEngine in restartedMain - Starting Servlet engine: [Apache Tomcat/9.0.33]
2022-01-11 14:39:20,279 [INFO] from org.apache.catalina.core.ContainerBase.[Tomcat].[localhost].[/] in restartedMain - Initializing Spring embedded WebApplicationContext
2022-01-11 14:39:20,280 [INFO] from org.springframework.web.context.ContextLoader in restartedMain - Root WebApplicationContext: initialization completed in 1738 ms
2022-01-11 14:39:21,849 [INFO] from org.springframework.security.web.DefaultSecurityFilterChain in restartedMain - Creating filter chain: any request, [org.springframework.security.web.context.request.async.WebAsyncManagerIntegrationFilter@157718f5, org.springframework.security.web.context.SecurityContextPersistenceFilter@2729e21a, org.springframework.security.web.header.HeaderWriterFilter@2c71571, org.springframework.web.filter.CorsFilter@78427077, org.springframework.security.web.authentication.logout.LogoutFilter@4aadaffa, org.springframework.security.web.authentication.UsernamePasswordAuthenticationFilter@79265c9b, org.springframework.security.web.session.ConcurrentSessionFilter@664e349a, org.springframework.security.web.savedrequest.RequestCacheAwareFilter@4b0bb65c, org.springframework.security.web.servletapi.SecurityContextHolderAwareRequestFilter@eeae5b6, org.springframework.security.web.authentication.AnonymousAuthenticationFilter@3af0e4f0, org.springframework.security.web.session.SessionManagementFilter@4177d1ca, org.springframework.security.web.access.ExceptionTranslationFilter@350fd25d, org.springframework.security.web.access.intercept.FilterSecurityInterceptor@2d9ef4c2]
2022-01-11 14:39:21,928 [INFO] from io.lettuce.core.EpollProvider in restartedMain - Starting without optional epoll library
2022-01-11 14:39:21,930 [INFO] from io.lettuce.core.KqueueProvider in restartedMain - Starting without optional kqueue library
2022-01-11 14:39:27,093 [INFO] from org.springframework.scheduling.concurrent.ThreadPoolTaskExecutor in restartedMain - Initializing ExecutorService 'applicationTaskExecutor'
2022-01-11 14:39:27,602 [INFO] from org.springframework.boot.devtools.autoconfigure.OptionalLiveReloadServer in restartedMain - LiveReload server is running on port 35729
2022-01-11 14:39:28,197 [INFO] from org.springframework.scheduling.annotation.ScheduledAnnotationBeanPostProcessor in restartedMain - No TaskScheduler/ScheduledExecutorService bean found for scheduled processing
2022-01-11 14:39:28,211 [INFO] from org.apache.coyote.http11.Http11NioProtocol in restartedMain - Starting ProtocolHandler ["http-nio-8080"]
2022-01-11 14:39:28,226 [INFO] from org.springframework.boot.web.embedded.tomcat.TomcatWebServer in restartedMain - Tomcat started on port(s): 8080 (http) with context path ''
2022-01-11 14:39:28,234 [INFO] from com.bruincreates.server.ServerApplication in restartedMain - Started ServerApplication in 30.163 seconds (JVM running for 36.315)
2022-01-11 15:35:44,032 [INFO] from org.springframework.scheduling.concurrent.ThreadPoolTaskExecutor in SpringContextShutdownHook - Shutting down ExecutorService 'applicationTaskExecutor'
2022-01-11 15:36:48,152 [WARN] from org.springframework.boot.StartupInfoLogger in restartedMain - InetAddress.getLocalHost().getHostName() took 5004 milliseconds to respond. Please verify your network configuration (macOS machines may need to add entries to /etc/hosts).
2022-01-11 15:36:53,160 [INFO] from com.bruincreates.server.ServerApplication in restartedMain - Starting ServerApplication on Aos-MacBook-Pro.local with PID 42787 (/Users/aojiao/BruinCreates/bruincreates-springboot-server/target/classes started by aojiao in /Users/aojiao/BruinCreates/bruincreates-springboot-server)
2022-01-11 15:36:53,161 [INFO] from com.bruincreates.server.ServerApplication in restartedMain - No active profile set, falling back to default profiles: default
2022-01-11 15:36:53,199 [INFO] from org.springframework.boot.devtools.env.DevToolsPropertyDefaultsPostProcessor in restartedMain - Devtools property defaults active! Set 'spring.devtools.add-properties' to 'false' to disable
2022-01-11 15:36:53,199 [INFO] from org.springframework.boot.devtools.env.DevToolsPropertyDefaultsPostProcessor in restartedMain - For additional web related logging consider setting the 'logging.level.web' property to 'DEBUG'
2022-01-11 15:36:53,854 [INFO] from org.springframework.data.repository.config.RepositoryConfigurationDelegate in restartedMain - Multiple Spring Data modules found, entering strict repository configuration mode!
2022-01-11 15:36:53,856 [INFO] from org.springframework.data.repository.config.RepositoryConfigurationDelegate in restartedMain - Bootstrapping Spring Data Elasticsearch repositories in DEFAULT mode.
2022-01-11 15:36:53,870 [INFO] from org.springframework.data.repository.config.RepositoryConfigurationDelegate in restartedMain - Finished Spring Data repository scanning in 11ms. Found 0 Elasticsearch repository interfaces.
2022-01-11 15:36:53,874 [INFO] from org.springframework.data.repository.config.RepositoryConfigurationDelegate in restartedMain - Multiple Spring Data modules found, entering strict repository configuration mode!
2022-01-11 15:36:53,874 [INFO] from org.springframework.data.repository.config.RepositoryConfigurationDelegate in restartedMain - Bootstrapping Spring Data Reactive Elasticsearch repositories in DEFAULT mode.
2022-01-11 15:36:53,880 [INFO] from org.springframework.data.repository.config.RepositoryConfigurationDelegate in restartedMain - Finished Spring Data repository scanning in 5ms. Found 0 Reactive Elasticsearch repository interfaces.
2022-01-11 15:36:53,889 [INFO] from org.springframework.data.repository.config.RepositoryConfigurationDelegate in restartedMain - Multiple Spring Data modules found, entering strict repository configuration mode!
2022-01-11 15:36:53,890 [INFO] from org.springframework.data.repository.config.RepositoryConfigurationDelegate in restartedMain - Bootstrapping Spring Data Redis repositories in DEFAULT mode.
2022-01-11 15:36:53,901 [INFO] from org.springframework.data.repository.config.RepositoryConfigurationDelegate in restartedMain - Finished Spring Data repository scanning in 4ms. Found 0 Redis repository interfaces.
2022-01-11 15:36:54,247 [INFO] from org.springframework.context.support.PostProcessorRegistrationDelegate$BeanPostProcessorChecker in restartedMain - Bean 'org.springframework.security.config.annotation.configuration.ObjectPostProcessorConfiguration' of type [org.springframework.security.config.annotation.configuration.ObjectPostProcessorConfiguration] is not eligible for getting processed by all BeanPostProcessors (for example: not eligible for auto-proxying)
2022-01-11 15:36:54,284 [INFO] from org.springframework.context.support.PostProcessorRegistrationDelegate$BeanPostProcessorChecker in restartedMain - Bean 'objectPostProcessor' of type [org.springframework.security.config.annotation.configuration.AutowireBeanFactoryObjectPostProcessor] is not eligible for getting processed by all BeanPostProcessors (for example: not eligible for auto-proxying)
2022-01-11 15:36:54,286 [INFO] from org.springframework.context.support.PostProcessorRegistrationDelegate$BeanPostProcessorChecker in restartedMain - Bean 'org.springframework.security.access.expression.method.DefaultMethodSecurityExpressionHandler@567034f4' of type [org.springframework.security.access.expression.method.DefaultMethodSecurityExpressionHandler] is not eligible for getting processed by all BeanPostProcessors (for example: not eligible for auto-proxying)
2022-01-11 15:36:54,287 [INFO] from org.springframework.context.support.PostProcessorRegistrationDelegate$BeanPostProcessorChecker in restartedMain - Bean 'org.springframework.security.config.annotation.method.configuration.GlobalMethodSecurityConfiguration' of type [org.springframework.security.config.annotation.method.configuration.GlobalMethodSecurityConfiguration] is not eligible for getting processed by all BeanPostProcessors (for example: not eligible for auto-proxying)
2022-01-11 15:36:54,289 [INFO] from org.springframework.context.support.PostProcessorRegistrationDelegate$BeanPostProcessorChecker in restartedMain - Bean 'methodSecurityMetadataSource' of type [org.springframework.security.access.method.DelegatingMethodSecurityMetadataSource] is not eligible for getting processed by all BeanPostProcessors (for example: not eligible for auto-proxying)
2022-01-11 15:36:54,628 [INFO] from org.springframework.boot.web.embedded.tomcat.TomcatWebServer in restartedMain - Tomcat initialized with port(s): 8080 (http)
2022-01-11 15:36:54,635 [INFO] from org.apache.coyote.http11.Http11NioProtocol in restartedMain - Initializing ProtocolHandler ["http-nio-8080"]
2022-01-11 15:36:54,635 [INFO] from org.apache.catalina.core.StandardService in restartedMain - Starting service [Tomcat]
2022-01-11 15:36:54,635 [INFO] from org.apache.catalina.core.StandardEngine in restartedMain - Starting Servlet engine: [Apache Tomcat/9.0.33]
2022-01-11 15:36:54,782 [INFO] from org.apache.catalina.core.ContainerBase.[Tomcat].[localhost].[/] in restartedMain - Initializing Spring embedded WebApplicationContext
2022-01-11 15:36:54,783 [INFO] from org.springframework.web.context.ContextLoader in restartedMain - Root WebApplicationContext: initialization completed in 1584 ms
2022-01-11 15:36:56,217 [INFO] from org.springframework.security.web.DefaultSecurityFilterChain in restartedMain - Creating filter chain: any request, [org.springframework.security.web.context.request.async.WebAsyncManagerIntegrationFilter@1d50659b, org.springframework.security.web.context.SecurityContextPersistenceFilter@793e2d8a, org.springframework.security.web.header.HeaderWriterFilter@544eaf3b, org.springframework.web.filter.CorsFilter@4ebbf51c, org.springframework.security.web.authentication.logout.LogoutFilter@5dbc7698, org.springframework.security.web.authentication.UsernamePasswordAuthenticationFilter@5c9fd9bf, org.springframework.security.web.session.ConcurrentSessionFilter@62f5422f, org.springframework.security.web.savedrequest.RequestCacheAwareFilter@4c785d7, org.springframework.security.web.servletapi.SecurityContextHolderAwareRequestFilter@716317bd, org.springframework.security.web.authentication.AnonymousAuthenticationFilter@525dc750, org.springframework.security.web.session.SessionManagementFilter@aca1746, org.springframework.security.web.access.ExceptionTranslationFilter@33eafef7, org.springframework.security.web.access.intercept.FilterSecurityInterceptor@94b0ff1]
2022-01-11 15:36:56,291 [INFO] from io.lettuce.core.EpollProvider in restartedMain - Starting without optional epoll library
2022-01-11 15:36:56,293 [INFO] from io.lettuce.core.KqueueProvider in restartedMain - Starting without optional kqueue library
2022-01-11 15:37:01,451 [INFO] from org.springframework.scheduling.concurrent.ThreadPoolTaskExecutor in restartedMain - Initializing ExecutorService 'applicationTaskExecutor'
2022-01-11 15:37:01,919 [INFO] from org.springframework.boot.devtools.autoconfigure.OptionalLiveReloadServer in restartedMain - LiveReload server is running on port 35729
2022-01-11 15:37:02,510 [INFO] from org.springframework.scheduling.annotation.ScheduledAnnotationBeanPostProcessor in restartedMain - No TaskScheduler/ScheduledExecutorService bean found for scheduled processing
2022-01-11 15:37:02,516 [INFO] from org.apache.coyote.http11.Http11NioProtocol in restartedMain - Starting ProtocolHandler ["http-nio-8080"]
2022-01-11 15:37:02,528 [INFO] from org.springframework.boot.web.embedded.tomcat.TomcatWebServer in restartedMain - Tomcat started on port(s): 8080 (http) with context path ''
2022-01-11 15:37:02,532 [INFO] from com.bruincreates.server.ServerApplication in restartedMain - Started ServerApplication in 29.914 seconds (JVM running for 36.248)
