2022-01-20 13:40:27,817 [WARN] from org.springframework.boot.StartupInfoLogger in restartedMain - InetAddress.getLocalHost().getHostName() took 5005 milliseconds to respond. Please verify your network configuration (macOS machines may need to add entries to /etc/hosts).
2022-01-20 13:40:32,827 [INFO] from com.bruincreates.server.ServerApplication in restartedMain - Starting ServerApplication on Aos-MacBook-Pro.local with PID 2203 (/Users/aojiao/BruinCreates/bruincreates-springboot-server/target/classes started by aojiao in /Users/aojiao/BruinCreates/bruincreates-springboot-server)
2022-01-20 13:40:32,828 [INFO] from com.bruincreates.server.ServerApplication in restartedMain - No active profile set, falling back to default profiles: default
2022-01-20 13:40:32,889 [INFO] from org.springframework.boot.devtools.env.DevToolsPropertyDefaultsPostProcessor in restartedMain - Devtools property defaults active! Set 'spring.devtools.add-properties' to 'false' to disable
2022-01-20 13:40:32,889 [INFO] from org.springframework.boot.devtools.env.DevToolsPropertyDefaultsPostProcessor in restartedMain - For additional web related logging consider setting the 'logging.level.web' property to 'DEBUG'
2022-01-20 13:40:33,999 [INFO] from org.springframework.data.repository.config.RepositoryConfigurationDelegate in restartedMain - Multiple Spring Data modules found, entering strict repository configuration mode!
2022-01-20 13:40:34,001 [INFO] from org.springframework.data.repository.config.RepositoryConfigurationDelegate in restartedMain - Bootstrapping Spring Data Elasticsearch repositories in DEFAULT mode.
2022-01-20 13:40:34,030 [INFO] from org.springframework.data.repository.config.RepositoryConfigurationDelegate in restartedMain - Finished Spring Data repository scanning in 21ms. Found 0 Elasticsearch repository interfaces.
2022-01-20 13:40:34,037 [INFO] from org.springframework.data.repository.config.RepositoryConfigurationDelegate in restartedMain - Multiple Spring Data modules found, entering strict repository configuration mode!
2022-01-20 13:40:34,038 [INFO] from org.springframework.data.repository.config.RepositoryConfigurationDelegate in restartedMain - Bootstrapping Spring Data Reactive Elasticsearch repositories in DEFAULT mode.
2022-01-20 13:40:34,047 [INFO] from org.springframework.data.repository.config.RepositoryConfigurationDelegate in restartedMain - Finished Spring Data repository scanning in 8ms. Found 0 Reactive Elasticsearch repository interfaces.
2022-01-20 13:40:34,065 [INFO] from org.springframework.data.repository.config.RepositoryConfigurationDelegate in restartedMain - Multiple Spring Data modules found, entering strict repository configuration mode!
2022-01-20 13:40:34,066 [INFO] from org.springframework.data.repository.config.RepositoryConfigurationDelegate in restartedMain - Bootstrapping Spring Data Redis repositories in DEFAULT mode.
2022-01-20 13:40:34,085 [INFO] from org.springframework.data.repository.config.RepositoryConfigurationDelegate in restartedMain - Finished Spring Data repository scanning in 5ms. Found 0 Redis repository interfaces.
2022-01-20 13:40:34,669 [INFO] from org.springframework.context.support.PostProcessorRegistrationDelegate$BeanPostProcessorChecker in restartedMain - Bean 'org.springframework.security.config.annotation.configuration.ObjectPostProcessorConfiguration' of type [org.springframework.security.config.annotation.configuration.ObjectPostProcessorConfiguration] is not eligible for getting processed by all BeanPostProcessors (for example: not eligible for auto-proxying)
2022-01-20 13:40:34,708 [INFO] from org.springframework.context.support.PostProcessorRegistrationDelegate$BeanPostProcessorChecker in restartedMain - Bean 'objectPostProcessor' of type [org.springframework.security.config.annotation.configuration.AutowireBeanFactoryObjectPostProcessor] is not eligible for getting processed by all BeanPostProcessors (for example: not eligible for auto-proxying)
2022-01-20 13:40:34,713 [INFO] from org.springframework.context.support.PostProcessorRegistrationDelegate$BeanPostProcessorChecker in restartedMain - Bean 'org.springframework.security.access.expression.method.DefaultMethodSecurityExpressionHandler@61f8b1f3' of type [org.springframework.security.access.expression.method.DefaultMethodSecurityExpressionHandler] is not eligible for getting processed by all BeanPostProcessors (for example: not eligible for auto-proxying)
2022-01-20 13:40:34,715 [INFO] from org.springframework.context.support.PostProcessorRegistrationDelegate$BeanPostProcessorChecker in restartedMain - Bean 'org.springframework.security.config.annotation.method.configuration.GlobalMethodSecurityConfiguration' of type [org.springframework.security.config.annotation.method.configuration.GlobalMethodSecurityConfiguration] is not eligible for getting processed by all BeanPostProcessors (for example: not eligible for auto-proxying)
2022-01-20 13:40:34,720 [INFO] from org.springframework.context.support.PostProcessorRegistrationDelegate$BeanPostProcessorChecker in restartedMain - Bean 'methodSecurityMetadataSource' of type [org.springframework.security.access.method.DelegatingMethodSecurityMetadataSource] is not eligible for getting processed by all BeanPostProcessors (for example: not eligible for auto-proxying)
2022-01-20 13:40:35,223 [INFO] from org.springframework.boot.web.embedded.tomcat.TomcatWebServer in restartedMain - Tomcat initialized with port(s): 8080 (http)
2022-01-20 13:40:35,347 [INFO] from org.apache.coyote.http11.Http11NioProtocol in restartedMain - Initializing ProtocolHandler ["http-nio-8080"]
2022-01-20 13:40:35,348 [INFO] from org.apache.catalina.core.StandardService in restartedMain - Starting service [Tomcat]
2022-01-20 13:40:35,349 [INFO] from org.apache.catalina.core.StandardEngine in restartedMain - Starting Servlet engine: [Apache Tomcat/9.0.33]
2022-01-20 13:40:35,470 [INFO] from org.apache.catalina.core.ContainerBase.[Tomcat].[localhost].[/] in restartedMain - Initializing Spring embedded WebApplicationContext
2022-01-20 13:40:35,471 [INFO] from org.springframework.web.context.ContextLoader in restartedMain - Root WebApplicationContext: initialization completed in 2581 ms
2022-01-20 13:40:37,706 [WARN] from org.springframework.data.convert.CustomConversions in restartedMain - Registering converter from class org.springframework.data.geo.Point to interface java.util.Map as writing converter although it doesn't convert to a store-supported type! You might want to check your annotation setup at the converter implementation.
2022-01-20 13:40:37,706 [WARN] from org.springframework.data.convert.CustomConversions in restartedMain - Registering converter from interface java.util.Map to class org.springframework.data.geo.Point as reading converter although it doesn't convert from a store-supported type! You might want to check your annotation setup at the converter implementation.
2022-01-20 13:40:37,707 [WARN] from org.springframework.data.convert.CustomConversions in restartedMain - Registering converter from class org.springframework.data.elasticsearch.core.geo.GeoPoint to interface java.util.Map as writing converter although it doesn't convert to a store-supported type! You might want to check your annotation setup at the converter implementation.
2022-01-20 13:40:37,708 [WARN] from org.springframework.data.convert.CustomConversions in restartedMain - Registering converter from interface java.util.Map to class org.springframework.data.elasticsearch.core.geo.GeoPoint as reading converter although it doesn't convert from a store-supported type! You might want to check your annotation setup at the converter implementation.
2022-01-20 13:40:37,764 [INFO] from com.bruincreates.server.configuration.ExecutorConfig in restartedMain - Start SpringBoot Thread Pool
2022-01-20 13:40:37,765 [INFO] from org.springframework.scheduling.concurrent.ThreadPoolTaskExecutor in restartedMain - Initializing ExecutorService
2022-01-20 13:40:37,766 [INFO] from org.springframework.scheduling.concurrent.ThreadPoolTaskExecutor in restartedMain - Initializing ExecutorService 'asyncServiceExecutor'
2022-01-20 13:40:38,253 [INFO] from org.springframework.security.web.DefaultSecurityFilterChain in restartedMain - Creating filter chain: any request, [org.springframework.security.web.context.request.async.WebAsyncManagerIntegrationFilter@41e918c9, org.springframework.security.web.context.SecurityContextPersistenceFilter@89647b1, org.springframework.security.web.header.HeaderWriterFilter@48bd214b, org.springframework.web.filter.CorsFilter@43fa87d6, org.springframework.security.web.authentication.logout.LogoutFilter@2cac010c, org.springframework.security.web.authentication.UsernamePasswordAuthenticationFilter@52c3adb7, org.springframework.security.web.session.ConcurrentSessionFilter@4eddd6f, org.springframework.security.web.savedrequest.RequestCacheAwareFilter@54e7f588, org.springframework.security.web.servletapi.SecurityContextHolderAwareRequestFilter@35e2cfb4, org.springframework.security.web.authentication.AnonymousAuthenticationFilter@1ed0df65, org.springframework.security.web.session.SessionManagementFilter@38e83dac, org.springframework.security.web.access.ExceptionTranslationFilter@cd7cbad, org.springframework.security.web.access.intercept.FilterSecurityInterceptor@68198619]
2022-01-20 13:40:38,391 [INFO] from io.lettuce.core.EpollProvider in restartedMain - Starting without optional epoll library
2022-01-20 13:40:38,393 [INFO] from io.lettuce.core.KqueueProvider in restartedMain - Starting without optional kqueue library
2022-01-20 13:41:08,411 [WARN] from org.springframework.boot.StartupInfoLogger in restartedMain - InetAddress.getLocalHost().getHostName() took 5003 milliseconds to respond. Please verify your network configuration (macOS machines may need to add entries to /etc/hosts).
2022-01-20 13:41:13,420 [INFO] from com.bruincreates.server.ServerApplication in restartedMain - Starting ServerApplication on Aos-MacBook-Pro.local with PID 2225 (/Users/aojiao/BruinCreates/bruincreates-springboot-server/target/classes started by aojiao in /Users/aojiao/BruinCreates/bruincreates-springboot-server)
2022-01-20 13:41:13,422 [INFO] from com.bruincreates.server.ServerApplication in restartedMain - No active profile set, falling back to default profiles: default
2022-01-20 13:41:13,464 [INFO] from org.springframework.boot.devtools.env.DevToolsPropertyDefaultsPostProcessor in restartedMain - Devtools property defaults active! Set 'spring.devtools.add-properties' to 'false' to disable
2022-01-20 13:41:13,464 [INFO] from org.springframework.boot.devtools.env.DevToolsPropertyDefaultsPostProcessor in restartedMain - For additional web related logging consider setting the 'logging.level.web' property to 'DEBUG'
2022-01-20 13:41:14,284 [INFO] from org.springframework.data.repository.config.RepositoryConfigurationDelegate in restartedMain - Multiple Spring Data modules found, entering strict repository configuration mode!
2022-01-20 13:41:14,285 [INFO] from org.springframework.data.repository.config.RepositoryConfigurationDelegate in restartedMain - Bootstrapping Spring Data Elasticsearch repositories in DEFAULT mode.
2022-01-20 13:41:14,302 [INFO] from org.springframework.data.repository.config.RepositoryConfigurationDelegate in restartedMain - Finished Spring Data repository scanning in 13ms. Found 0 Elasticsearch repository interfaces.
2022-01-20 13:41:14,307 [INFO] from org.springframework.data.repository.config.RepositoryConfigurationDelegate in restartedMain - Multiple Spring Data modules found, entering strict repository configuration mode!
2022-01-20 13:41:14,307 [INFO] from org.springframework.data.repository.config.RepositoryConfigurationDelegate in restartedMain - Bootstrapping Spring Data Reactive Elasticsearch repositories in DEFAULT mode.
2022-01-20 13:41:14,316 [INFO] from org.springframework.data.repository.config.RepositoryConfigurationDelegate in restartedMain - Finished Spring Data repository scanning in 7ms. Found 0 Reactive Elasticsearch repository interfaces.
2022-01-20 13:41:14,328 [INFO] from org.springframework.data.repository.config.RepositoryConfigurationDelegate in restartedMain - Multiple Spring Data modules found, entering strict repository configuration mode!
2022-01-20 13:41:14,329 [INFO] from org.springframework.data.repository.config.RepositoryConfigurationDelegate in restartedMain - Bootstrapping Spring Data Redis repositories in DEFAULT mode.
2022-01-20 13:41:14,343 [INFO] from org.springframework.data.repository.config.RepositoryConfigurationDelegate in restartedMain - Finished Spring Data repository scanning in 6ms. Found 0 Redis repository interfaces.
2022-01-20 13:41:14,807 [INFO] from org.springframework.context.support.PostProcessorRegistrationDelegate$BeanPostProcessorChecker in restartedMain - Bean 'org.springframework.security.config.annotation.configuration.ObjectPostProcessorConfiguration' of type [org.springframework.security.config.annotation.configuration.ObjectPostProcessorConfiguration] is not eligible for getting processed by all BeanPostProcessors (for example: not eligible for auto-proxying)
2022-01-20 13:41:14,882 [INFO] from org.springframework.context.support.PostProcessorRegistrationDelegate$BeanPostProcessorChecker in restartedMain - Bean 'objectPostProcessor' of type [org.springframework.security.config.annotation.configuration.AutowireBeanFactoryObjectPostProcessor] is not eligible for getting processed by all BeanPostProcessors (for example: not eligible for auto-proxying)
2022-01-20 13:41:14,889 [INFO] from org.springframework.context.support.PostProcessorRegistrationDelegate$BeanPostProcessorChecker in restartedMain - Bean 'org.springframework.security.access.expression.method.DefaultMethodSecurityExpressionHandler@5136fdfa' of type [org.springframework.security.access.expression.method.DefaultMethodSecurityExpressionHandler] is not eligible for getting processed by all BeanPostProcessors (for example: not eligible for auto-proxying)
2022-01-20 13:41:14,895 [INFO] from org.springframework.context.support.PostProcessorRegistrationDelegate$BeanPostProcessorChecker in restartedMain - Bean 'org.springframework.security.config.annotation.method.configuration.GlobalMethodSecurityConfiguration' of type [org.springframework.security.config.annotation.method.configuration.GlobalMethodSecurityConfiguration] is not eligible for getting processed by all BeanPostProcessors (for example: not eligible for auto-proxying)
2022-01-20 13:41:14,905 [INFO] from org.springframework.context.support.PostProcessorRegistrationDelegate$BeanPostProcessorChecker in restartedMain - Bean 'methodSecurityMetadataSource' of type [org.springframework.security.access.method.DelegatingMethodSecurityMetadataSource] is not eligible for getting processed by all BeanPostProcessors (for example: not eligible for auto-proxying)
2022-01-20 13:41:15,330 [INFO] from org.springframework.boot.web.embedded.tomcat.TomcatWebServer in restartedMain - Tomcat initialized with port(s): 8080 (http)
2022-01-20 13:41:15,466 [INFO] from org.apache.coyote.http11.Http11NioProtocol in restartedMain - Initializing ProtocolHandler ["http-nio-8080"]
2022-01-20 13:41:15,471 [INFO] from org.apache.catalina.core.StandardService in restartedMain - Starting service [Tomcat]
2022-01-20 13:41:15,471 [INFO] from org.apache.catalina.core.StandardEngine in restartedMain - Starting Servlet engine: [Apache Tomcat/9.0.33]
2022-01-20 13:41:15,615 [INFO] from org.apache.catalina.core.ContainerBase.[Tomcat].[localhost].[/] in restartedMain - Initializing Spring embedded WebApplicationContext
2022-01-20 13:41:15,616 [INFO] from org.springframework.web.context.ContextLoader in restartedMain - Root WebApplicationContext: initialization completed in 2152 ms
2022-01-20 13:41:17,442 [WARN] from org.springframework.data.convert.CustomConversions in restartedMain - Registering converter from class org.springframework.data.geo.Point to interface java.util.Map as writing converter although it doesn't convert to a store-supported type! You might want to check your annotation setup at the converter implementation.
2022-01-20 13:41:17,442 [WARN] from org.springframework.data.convert.CustomConversions in restartedMain - Registering converter from interface java.util.Map to class org.springframework.data.geo.Point as reading converter although it doesn't convert from a store-supported type! You might want to check your annotation setup at the converter implementation.
2022-01-20 13:41:17,443 [WARN] from org.springframework.data.convert.CustomConversions in restartedMain - Registering converter from class org.springframework.data.elasticsearch.core.geo.GeoPoint to interface java.util.Map as writing converter although it doesn't convert to a store-supported type! You might want to check your annotation setup at the converter implementation.
2022-01-20 13:41:17,444 [WARN] from org.springframework.data.convert.CustomConversions in restartedMain - Registering converter from interface java.util.Map to class org.springframework.data.elasticsearch.core.geo.GeoPoint as reading converter although it doesn't convert from a store-supported type! You might want to check your annotation setup at the converter implementation.
2022-01-20 13:41:17,483 [INFO] from com.bruincreates.server.configuration.ExecutorConfig in restartedMain - Start SpringBoot Thread Pool
2022-01-20 13:41:17,484 [INFO] from org.springframework.scheduling.concurrent.ThreadPoolTaskExecutor in restartedMain - Initializing ExecutorService
2022-01-20 13:41:17,486 [INFO] from org.springframework.scheduling.concurrent.ThreadPoolTaskExecutor in restartedMain - Initializing ExecutorService 'asyncServiceExecutor'
2022-01-20 13:41:17,901 [INFO] from org.springframework.security.web.DefaultSecurityFilterChain in restartedMain - Creating filter chain: any request, [org.springframework.security.web.context.request.async.WebAsyncManagerIntegrationFilter@427e7c73, org.springframework.security.web.context.SecurityContextPersistenceFilter@1b3a483d, org.springframework.security.web.header.HeaderWriterFilter@2104aa96, org.springframework.web.filter.CorsFilter@72f5b243, org.springframework.security.web.authentication.logout.LogoutFilter@6a09fd8e, org.springframework.security.web.authentication.UsernamePasswordAuthenticationFilter@28ff6811, org.springframework.security.web.session.ConcurrentSessionFilter@109ac344, org.springframework.security.web.savedrequest.RequestCacheAwareFilter@36ef154b, org.springframework.security.web.servletapi.SecurityContextHolderAwareRequestFilter@36d83ede, org.springframework.security.web.authentication.AnonymousAuthenticationFilter@65fdec81, org.springframework.security.web.session.SessionManagementFilter@762ec369, org.springframework.security.web.access.ExceptionTranslationFilter@14764e3c, org.springframework.security.web.access.intercept.FilterSecurityInterceptor@d6c35df]
2022-01-20 13:41:18,012 [INFO] from io.lettuce.core.EpollProvider in restartedMain - Starting without optional epoll library
2022-01-20 13:41:18,014 [INFO] from io.lettuce.core.KqueueProvider in restartedMain - Starting without optional kqueue library
2022-01-20 13:41:23,623 [INFO] from org.springframework.boot.devtools.autoconfigure.OptionalLiveReloadServer in restartedMain - LiveReload server is running on port 35729
2022-01-20 13:41:24,237 [INFO] from org.springframework.scheduling.annotation.ScheduledAnnotationBeanPostProcessor in restartedMain - No TaskScheduler/ScheduledExecutorService bean found for scheduled processing
2022-01-20 13:41:24,245 [INFO] from org.apache.coyote.http11.Http11NioProtocol in restartedMain - Starting ProtocolHandler ["http-nio-8080"]
2022-01-20 13:41:24,262 [INFO] from org.springframework.boot.web.embedded.tomcat.TomcatWebServer in restartedMain - Tomcat started on port(s): 8080 (http) with context path ''
2022-01-20 13:41:24,267 [INFO] from com.bruincreates.server.ServerApplication in restartedMain - Started ServerApplication in 31.274 seconds (JVM running for 37.393)
2022-01-20 13:42:12,709 [INFO] from org.apache.catalina.core.ContainerBase.[Tomcat].[localhost].[/] in http-nio-8080-exec-2 - Initializing Spring DispatcherServlet 'dispatcherServlet'
2022-01-20 13:42:12,710 [INFO] from org.springframework.web.servlet.DispatcherServlet in http-nio-8080-exec-2 - Initializing Servlet 'dispatcherServlet'
2022-01-20 13:42:12,721 [INFO] from org.springframework.web.servlet.DispatcherServlet in http-nio-8080-exec-2 - Completed initialization in 10 ms
2022-01-20 13:42:13,178 [INFO] from com.zaxxer.hikari.HikariDataSource in http-nio-8080-exec-2 - HikariPool-1 - Starting...
2022-01-20 13:42:13,790 [INFO] from com.zaxxer.hikari.HikariDataSource in http-nio-8080-exec-2 - HikariPool-1 - Start completed.
2022-01-20 14:32:10,984 [INFO] from org.springframework.scheduling.concurrent.ThreadPoolTaskExecutor in SpringContextShutdownHook - Shutting down ExecutorService 'asyncServiceExecutor'
2022-01-20 14:32:10,985 [INFO] from com.zaxxer.hikari.HikariDataSource in SpringContextShutdownHook - HikariPool-1 - Shutdown initiated...
2022-01-20 14:32:10,997 [INFO] from com.zaxxer.hikari.HikariDataSource in SpringContextShutdownHook - HikariPool-1 - Shutdown completed.
