2022-02-11 04:52:46,792 [WARN] from com.zaxxer.hikari.pool.HikariPool in HikariPool-1 housekeeper - HikariPool-1 - Thread starvation or clock leap detected (housekeeper delta=3h2s939ms).
2022-02-11 07:00:05,073 [WARN] from com.zaxxer.hikari.pool.HikariPool in HikariPool-1 housekeeper - HikariPool-1 - Thread starvation or clock leap detected (housekeeper delta=2h7m19s524ms).
2022-02-11 12:28:06,518 [WARN] from com.zaxxer.hikari.pool.HikariPool in HikariPool-1 housekeeper - HikariPool-1 - Thread starvation or clock leap detected (housekeeper delta=5h28m1s168ms).
2022-02-11 13:02:04,833 [INFO] from org.springframework.scheduling.concurrent.ThreadPoolTaskExecutor in SpringContextShutdownHook - Shutting down ExecutorService 'asyncServiceExecutor'
2022-02-11 13:02:04,835 [INFO] from com.zaxxer.hikari.HikariDataSource in SpringContextShutdownHook - HikariPool-1 - Shutdown initiated...
2022-02-11 13:02:04,841 [INFO] from com.zaxxer.hikari.HikariDataSource in SpringContextShutdownHook - HikariPool-1 - Shutdown completed.
2022-02-11 13:02:12,564 [INFO] from com.bruincreates.server.ServerApplication in restartedMain - Starting ServerApplication on Aos-MacBook-Pro.lan with PID 5486 (/Users/aojiao/BruinCreates/bruincreates-springboot-server/target/classes started by aojiao in /Users/aojiao/BruinCreates/bruincreates-springboot-server)
2022-02-11 13:02:12,573 [INFO] from com.bruincreates.server.ServerApplication in restartedMain - No active profile set, falling back to default profiles: default
2022-02-11 13:02:12,743 [INFO] from org.springframework.boot.devtools.env.DevToolsPropertyDefaultsPostProcessor in restartedMain - Devtools property defaults active! Set 'spring.devtools.add-properties' to 'false' to disable
2022-02-11 13:02:12,743 [INFO] from org.springframework.boot.devtools.env.DevToolsPropertyDefaultsPostProcessor in restartedMain - For additional web related logging consider setting the 'logging.level.web' property to 'DEBUG'
2022-02-11 13:02:14,547 [INFO] from org.springframework.data.repository.config.RepositoryConfigurationDelegate in restartedMain - Multiple Spring Data modules found, entering strict repository configuration mode!
2022-02-11 13:02:14,549 [INFO] from org.springframework.data.repository.config.RepositoryConfigurationDelegate in restartedMain - Bootstrapping Spring Data Elasticsearch repositories in DEFAULT mode.
2022-02-11 13:02:14,573 [INFO] from org.springframework.data.repository.config.RepositoryConfigurationDelegate in restartedMain - Finished Spring Data repository scanning in 16ms. Found 0 Elasticsearch repository interfaces.
2022-02-11 13:02:14,578 [INFO] from org.springframework.data.repository.config.RepositoryConfigurationDelegate in restartedMain - Multiple Spring Data modules found, entering strict repository configuration mode!
2022-02-11 13:02:14,579 [INFO] from org.springframework.data.repository.config.RepositoryConfigurationDelegate in restartedMain - Bootstrapping Spring Data Reactive Elasticsearch repositories in DEFAULT mode.
2022-02-11 13:02:14,585 [INFO] from org.springframework.data.repository.config.RepositoryConfigurationDelegate in restartedMain - Finished Spring Data repository scanning in 6ms. Found 0 Reactive Elasticsearch repository interfaces.
2022-02-11 13:02:14,601 [INFO] from org.springframework.data.repository.config.RepositoryConfigurationDelegate in restartedMain - Multiple Spring Data modules found, entering strict repository configuration mode!
2022-02-11 13:02:14,603 [INFO] from org.springframework.data.repository.config.RepositoryConfigurationDelegate in restartedMain - Bootstrapping Spring Data Redis repositories in DEFAULT mode.
2022-02-11 13:02:14,623 [INFO] from org.springframework.data.repository.config.RepositoryConfigurationDelegate in restartedMain - Finished Spring Data repository scanning in 7ms. Found 0 Redis repository interfaces.
2022-02-11 13:02:15,129 [INFO] from org.springframework.context.support.PostProcessorRegistrationDelegate$BeanPostProcessorChecker in restartedMain - Bean 'org.springframework.security.config.annotation.configuration.ObjectPostProcessorConfiguration' of type [org.springframework.security.config.annotation.configuration.ObjectPostProcessorConfiguration] is not eligible for getting processed by all BeanPostProcessors (for example: not eligible for auto-proxying)
2022-02-11 13:02:15,166 [INFO] from org.springframework.context.support.PostProcessorRegistrationDelegate$BeanPostProcessorChecker in restartedMain - Bean 'objectPostProcessor' of type [org.springframework.security.config.annotation.configuration.AutowireBeanFactoryObjectPostProcessor] is not eligible for getting processed by all BeanPostProcessors (for example: not eligible for auto-proxying)
2022-02-11 13:02:15,169 [INFO] from org.springframework.context.support.PostProcessorRegistrationDelegate$BeanPostProcessorChecker in restartedMain - Bean 'org.springframework.security.access.expression.method.DefaultMethodSecurityExpressionHandler@1f878d7d' of type [org.springframework.security.access.expression.method.DefaultMethodSecurityExpressionHandler] is not eligible for getting processed by all BeanPostProcessors (for example: not eligible for auto-proxying)
2022-02-11 13:02:15,172 [INFO] from org.springframework.context.support.PostProcessorRegistrationDelegate$BeanPostProcessorChecker in restartedMain - Bean 'org.springframework.security.config.annotation.method.configuration.GlobalMethodSecurityConfiguration' of type [org.springframework.security.config.annotation.method.configuration.GlobalMethodSecurityConfiguration] is not eligible for getting processed by all BeanPostProcessors (for example: not eligible for auto-proxying)
2022-02-11 13:02:15,176 [INFO] from org.springframework.context.support.PostProcessorRegistrationDelegate$BeanPostProcessorChecker in restartedMain - Bean 'methodSecurityMetadataSource' of type [org.springframework.security.access.method.DelegatingMethodSecurityMetadataSource] is not eligible for getting processed by all BeanPostProcessors (for example: not eligible for auto-proxying)
2022-02-11 13:02:15,778 [INFO] from org.springframework.boot.web.embedded.tomcat.TomcatWebServer in restartedMain - Tomcat initialized with port(s): 8080 (http)
2022-02-11 13:02:15,789 [INFO] from org.apache.coyote.http11.Http11NioProtocol in restartedMain - Initializing ProtocolHandler ["http-nio-8080"]
2022-02-11 13:02:15,789 [INFO] from org.apache.catalina.core.StandardService in restartedMain - Starting service [Tomcat]
2022-02-11 13:02:15,790 [INFO] from org.apache.catalina.core.StandardEngine in restartedMain - Starting Servlet engine: [Apache Tomcat/9.0.33]
2022-02-11 13:02:15,932 [INFO] from org.apache.catalina.core.ContainerBase.[Tomcat].[localhost].[/] in restartedMain - Initializing Spring embedded WebApplicationContext
2022-02-11 13:02:15,932 [INFO] from org.springframework.web.context.ContextLoader in restartedMain - Root WebApplicationContext: initialization completed in 3189 ms
2022-02-11 13:02:18,078 [WARN] from org.springframework.data.convert.CustomConversions in restartedMain - Registering converter from class org.springframework.data.geo.Point to interface java.util.Map as writing converter although it doesn't convert to a store-supported type! You might want to check your annotation setup at the converter implementation.
2022-02-11 13:02:18,080 [WARN] from org.springframework.data.convert.CustomConversions in restartedMain - Registering converter from interface java.util.Map to class org.springframework.data.geo.Point as reading converter although it doesn't convert from a store-supported type! You might want to check your annotation setup at the converter implementation.
2022-02-11 13:02:18,082 [WARN] from org.springframework.data.convert.CustomConversions in restartedMain - Registering converter from class org.springframework.data.elasticsearch.core.geo.GeoPoint to interface java.util.Map as writing converter although it doesn't convert to a store-supported type! You might want to check your annotation setup at the converter implementation.
2022-02-11 13:02:18,083 [WARN] from org.springframework.data.convert.CustomConversions in restartedMain - Registering converter from interface java.util.Map to class org.springframework.data.elasticsearch.core.geo.GeoPoint as reading converter although it doesn't convert from a store-supported type! You might want to check your annotation setup at the converter implementation.
2022-02-11 13:02:18,145 [INFO] from com.bruincreates.server.configuration.ExecutorConfig in restartedMain - Start SpringBoot Thread Pool
2022-02-11 13:02:18,145 [INFO] from org.springframework.scheduling.concurrent.ThreadPoolTaskExecutor in restartedMain - Initializing ExecutorService
2022-02-11 13:02:18,147 [INFO] from org.springframework.scheduling.concurrent.ThreadPoolTaskExecutor in restartedMain - Initializing ExecutorService 'asyncServiceExecutor'
2022-02-11 13:02:19,225 [INFO] from org.springframework.security.web.DefaultSecurityFilterChain in restartedMain - Creating filter chain: any request, [org.springframework.security.web.context.request.async.WebAsyncManagerIntegrationFilter@5d6aced2, org.springframework.security.web.context.SecurityContextPersistenceFilter@62d664bf, org.springframework.security.web.header.HeaderWriterFilter@d358a21, org.springframework.web.filter.CorsFilter@6886e21a, org.springframework.security.web.authentication.logout.LogoutFilter@6f4e2221, org.springframework.security.web.authentication.UsernamePasswordAuthenticationFilter@4f86682e, org.springframework.security.web.session.ConcurrentSessionFilter@7c197d2c, org.springframework.security.web.savedrequest.RequestCacheAwareFilter@41a3791b, org.springframework.security.web.servletapi.SecurityContextHolderAwareRequestFilter@60f9e048, org.springframework.security.web.authentication.AnonymousAuthenticationFilter@4ed4bfda, org.springframework.security.web.session.SessionManagementFilter@d1d8a5e, org.springframework.security.web.access.ExceptionTranslationFilter@31056a14, org.springframework.security.web.access.intercept.FilterSecurityInterceptor@5b05da72]
2022-02-11 13:02:19,369 [INFO] from io.lettuce.core.EpollProvider in restartedMain - Starting without optional epoll library
2022-02-11 13:02:19,371 [INFO] from io.lettuce.core.KqueueProvider in restartedMain - Starting without optional kqueue library
2022-02-11 13:02:20,123 [INFO] from org.springframework.boot.devtools.autoconfigure.OptionalLiveReloadServer in restartedMain - LiveReload server is running on port 35729
