2022-01-09 00:01:00,909 [INFO] from org.springframework.scheduling.concurrent.ThreadPoolTaskExecutor in SpringContextShutdownHook - Shutting down ExecutorService 'applicationTaskExecutor'
2022-01-09 00:01:00,912 [INFO] from com.zaxxer.hikari.HikariDataSource in SpringContextShutdownHook - HikariPool-1 - Shutdown initiated...
2022-01-09 00:01:00,926 [INFO] from com.zaxxer.hikari.HikariDataSource in SpringContextShutdownHook - HikariPool-1 - Shutdown completed.
2022-01-09 00:01:26,195 [WARN] from org.springframework.boot.StartupInfoLogger in restartedMain - InetAddress.getLocalHost().getHostName() took 5004 milliseconds to respond. Please verify your network configuration (macOS machines may need to add entries to /etc/hosts).
2022-01-09 00:01:31,202 [INFO] from com.bruincreates.server.ServerApplication in restartedMain - Starting ServerApplication on Aos-MacBook-Pro.local with PID 30113 (/Users/aojiao/BruinCreates/bruincreates-springboot-server/target/classes started by aojiao in /Users/aojiao/BruinCreates/bruincreates-springboot-server)
2022-01-09 00:01:31,203 [INFO] from com.bruincreates.server.ServerApplication in restartedMain - No active profile set, falling back to default profiles: default
2022-01-09 00:01:31,240 [INFO] from org.springframework.boot.devtools.env.DevToolsPropertyDefaultsPostProcessor in restartedMain - Devtools property defaults active! Set 'spring.devtools.add-properties' to 'false' to disable
2022-01-09 00:01:31,814 [INFO] from org.springframework.data.repository.config.RepositoryConfigurationDelegate in restartedMain - Multiple Spring Data modules found, entering strict repository configuration mode!
2022-01-09 00:01:31,815 [INFO] from org.springframework.data.repository.config.RepositoryConfigurationDelegate in restartedMain - Bootstrapping Spring Data Elasticsearch repositories in DEFAULT mode.
2022-01-09 00:01:31,828 [INFO] from org.springframework.data.repository.config.RepositoryConfigurationDelegate in restartedMain - Finished Spring Data repository scanning in 10ms. Found 0 Elasticsearch repository interfaces.
2022-01-09 00:01:31,831 [INFO] from org.springframework.data.repository.config.RepositoryConfigurationDelegate in restartedMain - Multiple Spring Data modules found, entering strict repository configuration mode!
2022-01-09 00:01:31,832 [INFO] from org.springframework.data.repository.config.RepositoryConfigurationDelegate in restartedMain - Bootstrapping Spring Data Reactive Elasticsearch repositories in DEFAULT mode.
2022-01-09 00:01:31,836 [INFO] from org.springframework.data.repository.config.RepositoryConfigurationDelegate in restartedMain - Finished Spring Data repository scanning in 4ms. Found 0 Reactive Elasticsearch repository interfaces.
2022-01-09 00:01:31,846 [INFO] from org.springframework.data.repository.config.RepositoryConfigurationDelegate in restartedMain - Multiple Spring Data modules found, entering strict repository configuration mode!
2022-01-09 00:01:31,847 [INFO] from org.springframework.data.repository.config.RepositoryConfigurationDelegate in restartedMain - Bootstrapping Spring Data Redis repositories in DEFAULT mode.
2022-01-09 00:01:31,857 [INFO] from org.springframework.data.repository.config.RepositoryConfigurationDelegate in restartedMain - Finished Spring Data repository scanning in 4ms. Found 0 Redis repository interfaces.
2022-01-09 00:01:32,179 [INFO] from org.springframework.context.support.PostProcessorRegistrationDelegate$BeanPostProcessorChecker in restartedMain - Bean 'org.springframework.security.config.annotation.configuration.ObjectPostProcessorConfiguration' of type [org.springframework.security.config.annotation.configuration.ObjectPostProcessorConfiguration] is not eligible for getting processed by all BeanPostProcessors (for example: not eligible for auto-proxying)
2022-01-09 00:01:32,204 [INFO] from org.springframework.context.support.PostProcessorRegistrationDelegate$BeanPostProcessorChecker in restartedMain - Bean 'objectPostProcessor' of type [org.springframework.security.config.annotation.configuration.AutowireBeanFactoryObjectPostProcessor] is not eligible for getting processed by all BeanPostProcessors (for example: not eligible for auto-proxying)
2022-01-09 00:01:32,206 [INFO] from org.springframework.context.support.PostProcessorRegistrationDelegate$BeanPostProcessorChecker in restartedMain - Bean 'org.springframework.security.access.expression.method.DefaultMethodSecurityExpressionHandler@7337c64c' of type [org.springframework.security.access.expression.method.DefaultMethodSecurityExpressionHandler] is not eligible for getting processed by all BeanPostProcessors (for example: not eligible for auto-proxying)
2022-01-09 00:01:32,207 [INFO] from org.springframework.context.support.PostProcessorRegistrationDelegate$BeanPostProcessorChecker in restartedMain - Bean 'org.springframework.security.config.annotation.method.configuration.GlobalMethodSecurityConfiguration' of type [org.springframework.security.config.annotation.method.configuration.GlobalMethodSecurityConfiguration] is not eligible for getting processed by all BeanPostProcessors (for example: not eligible for auto-proxying)
2022-01-09 00:01:32,210 [INFO] from org.springframework.context.support.PostProcessorRegistrationDelegate$BeanPostProcessorChecker in restartedMain - Bean 'methodSecurityMetadataSource' of type [org.springframework.security.access.method.DelegatingMethodSecurityMetadataSource] is not eligible for getting processed by all BeanPostProcessors (for example: not eligible for auto-proxying)
2022-01-09 00:01:32,519 [INFO] from org.springframework.boot.web.embedded.tomcat.TomcatWebServer in restartedMain - Tomcat initialized with port(s): 8080 (http)
2022-01-09 00:01:32,525 [INFO] from org.apache.coyote.http11.Http11NioProtocol in restartedMain - Initializing ProtocolHandler ["http-nio-8080"]
2022-01-09 00:01:32,525 [INFO] from org.apache.catalina.core.StandardService in restartedMain - Starting service [Tomcat]
2022-01-09 00:01:32,526 [INFO] from org.apache.catalina.core.StandardEngine in restartedMain - Starting Servlet engine: [Apache Tomcat/9.0.33]
2022-01-09 00:01:32,659 [INFO] from org.apache.catalina.core.ContainerBase.[Tomcat].[localhost].[/] in restartedMain - Initializing Spring embedded WebApplicationContext
2022-01-09 00:01:32,660 [INFO] from org.springframework.web.context.ContextLoader in restartedMain - Root WebApplicationContext: initialization completed in 1419 ms
2022-01-09 00:01:33,999 [INFO] from org.springframework.security.web.DefaultSecurityFilterChain in restartedMain - Creating filter chain: any request, [org.springframework.security.web.context.request.async.WebAsyncManagerIntegrationFilter@75af4827, org.springframework.security.web.context.SecurityContextPersistenceFilter@68707fb9, org.springframework.security.web.header.HeaderWriterFilter@7e9b3883, org.springframework.web.filter.CorsFilter@3202c95a, org.springframework.security.web.authentication.logout.LogoutFilter@3fc3b23c, org.springframework.security.web.authentication.UsernamePasswordAuthenticationFilter@58f04db, org.springframework.security.web.session.ConcurrentSessionFilter@55fcc8df, org.springframework.security.web.savedrequest.RequestCacheAwareFilter@8cdb146, org.springframework.security.web.servletapi.SecurityContextHolderAwareRequestFilter@145a9492, org.springframework.security.web.authentication.AnonymousAuthenticationFilter@1b38cc74, org.springframework.security.web.session.SessionManagementFilter@6ecd888d, org.springframework.security.web.access.ExceptionTranslationFilter@5f22b36d, org.springframework.security.web.access.intercept.FilterSecurityInterceptor@4739ea7c]
2022-01-09 00:01:34,080 [INFO] from io.lettuce.core.EpollProvider in restartedMain - Starting without optional epoll library
2022-01-09 00:01:34,081 [INFO] from io.lettuce.core.KqueueProvider in restartedMain - Starting without optional kqueue library
2022-01-09 00:01:39,267 [INFO] from org.springframework.scheduling.concurrent.ThreadPoolTaskExecutor in restartedMain - Initializing ExecutorService 'applicationTaskExecutor'
2022-01-09 00:01:39,912 [INFO] from org.springframework.boot.devtools.autoconfigure.OptionalLiveReloadServer in restartedMain - LiveReload server is running on port 35729
2022-01-09 00:01:40,502 [INFO] from org.springframework.scheduling.annotation.ScheduledAnnotationBeanPostProcessor in restartedMain - No TaskScheduler/ScheduledExecutorService bean found for scheduled processing
2022-01-09 00:01:40,508 [INFO] from org.apache.coyote.http11.Http11NioProtocol in restartedMain - Starting ProtocolHandler ["http-nio-8080"]
2022-01-09 00:01:40,520 [INFO] from org.springframework.boot.web.embedded.tomcat.TomcatWebServer in restartedMain - Tomcat started on port(s): 8080 (http) with context path ''
2022-01-09 00:01:40,525 [INFO] from com.bruincreates.server.ServerApplication in restartedMain - Started ServerApplication in 29.762 seconds (JVM running for 35.436)
2022-01-09 00:02:12,654 [INFO] from org.apache.catalina.core.ContainerBase.[Tomcat].[localhost].[/] in http-nio-8080-exec-2 - Initializing Spring DispatcherServlet 'dispatcherServlet'
2022-01-09 00:02:12,654 [INFO] from org.springframework.web.servlet.DispatcherServlet in http-nio-8080-exec-2 - Initializing Servlet 'dispatcherServlet'
2022-01-09 00:02:12,661 [INFO] from org.springframework.web.servlet.DispatcherServlet in http-nio-8080-exec-2 - Completed initialization in 7 ms
2022-01-09 00:02:12,846 [INFO] from com.zaxxer.hikari.HikariDataSource in http-nio-8080-exec-2 - HikariPool-1 - Starting...
2022-01-09 00:02:13,213 [INFO] from com.zaxxer.hikari.HikariDataSource in http-nio-8080-exec-2 - HikariPool-1 - Start completed.
