2022-02-03 17:39:19,774 [INFO] from com.bruincreates.server.ServerApplication in restartedMain - Starting ServerApplication on Auto with PID 8168 (C:\Users\iston\IdeaProjects\bruincreates-backend-TD-1.0\target\classes started by Tony D in C:\Users\iston\IdeaProjects\bruincreates-backend-TD-1.0)
2022-02-03 17:39:19,779 [INFO] from com.bruincreates.server.ServerApplication in restartedMain - No active profile set, falling back to default profiles: default
2022-02-03 17:39:19,844 [INFO] from org.springframework.boot.devtools.env.DevToolsPropertyDefaultsPostProcessor in restartedMain - Devtools property defaults active! Set 'spring.devtools.add-properties' to 'false' to disable
2022-02-03 17:39:19,844 [INFO] from org.springframework.boot.devtools.env.DevToolsPropertyDefaultsPostProcessor in restartedMain - For additional web related logging consider setting the 'logging.level.web' property to 'DEBUG'
2022-02-03 17:39:20,627 [INFO] from org.springframework.data.repository.config.RepositoryConfigurationDelegate in restartedMain - Multiple Spring Data modules found, entering strict repository configuration mode!
2022-02-03 17:39:20,627 [INFO] from org.springframework.data.repository.config.RepositoryConfigurationDelegate in restartedMain - Bootstrapping Spring Data Elasticsearch repositories in DEFAULT mode.
2022-02-03 17:39:20,664 [INFO] from org.springframework.data.repository.config.RepositoryConfigurationDelegate in restartedMain - Finished Spring Data repository scanning in 33ms. Found 0 Elasticsearch repository interfaces.
2022-02-03 17:39:20,664 [INFO] from org.springframework.data.repository.config.RepositoryConfigurationDelegate in restartedMain - Multiple Spring Data modules found, entering strict repository configuration mode!
2022-02-03 17:39:20,664 [INFO] from org.springframework.data.repository.config.RepositoryConfigurationDelegate in restartedMain - Bootstrapping Spring Data Reactive Elasticsearch repositories in DEFAULT mode.
2022-02-03 17:39:20,696 [INFO] from org.springframework.data.repository.config.RepositoryConfigurationDelegate in restartedMain - Finished Spring Data repository scanning in 24ms. Found 0 Reactive Elasticsearch repository interfaces.
2022-02-03 17:39:20,696 [INFO] from org.springframework.data.repository.config.RepositoryConfigurationDelegate in restartedMain - Multiple Spring Data modules found, entering strict repository configuration mode!
2022-02-03 17:39:20,696 [INFO] from org.springframework.data.repository.config.RepositoryConfigurationDelegate in restartedMain - Bootstrapping Spring Data Redis repositories in DEFAULT mode.
2022-02-03 17:39:20,727 [INFO] from org.springframework.data.repository.config.RepositoryConfigurationDelegate in restartedMain - Finished Spring Data repository scanning in 23ms. Found 0 Redis repository interfaces.
2022-02-03 17:39:21,065 [INFO] from org.springframework.context.support.PostProcessorRegistrationDelegate$BeanPostProcessorChecker in restartedMain - Bean 'org.springframework.security.config.annotation.configuration.ObjectPostProcessorConfiguration' of type [org.springframework.security.config.annotation.configuration.ObjectPostProcessorConfiguration] is not eligible for getting processed by all BeanPostProcessors (for example: not eligible for auto-proxying)
2022-02-03 17:39:21,096 [INFO] from org.springframework.context.support.PostProcessorRegistrationDelegate$BeanPostProcessorChecker in restartedMain - Bean 'objectPostProcessor' of type [org.springframework.security.config.annotation.configuration.AutowireBeanFactoryObjectPostProcessor] is not eligible for getting processed by all BeanPostProcessors (for example: not eligible for auto-proxying)
2022-02-03 17:39:21,096 [INFO] from org.springframework.context.support.PostProcessorRegistrationDelegate$BeanPostProcessorChecker in restartedMain - Bean 'org.springframework.security.access.expression.method.DefaultMethodSecurityExpressionHandler@ed12d2' of type [org.springframework.security.access.expression.method.DefaultMethodSecurityExpressionHandler] is not eligible for getting processed by all BeanPostProcessors (for example: not eligible for auto-proxying)
2022-02-03 17:39:21,096 [INFO] from org.springframework.context.support.PostProcessorRegistrationDelegate$BeanPostProcessorChecker in restartedMain - Bean 'org.springframework.security.config.annotation.method.configuration.GlobalMethodSecurityConfiguration' of type [org.springframework.security.config.annotation.method.configuration.GlobalMethodSecurityConfiguration] is not eligible for getting processed by all BeanPostProcessors (for example: not eligible for auto-proxying)
2022-02-03 17:39:21,096 [INFO] from org.springframework.context.support.PostProcessorRegistrationDelegate$BeanPostProcessorChecker in restartedMain - Bean 'methodSecurityMetadataSource' of type [org.springframework.security.access.method.DelegatingMethodSecurityMetadataSource] is not eligible for getting processed by all BeanPostProcessors (for example: not eligible for auto-proxying)
2022-02-03 17:39:21,466 [INFO] from org.springframework.boot.web.embedded.tomcat.TomcatWebServer in restartedMain - Tomcat initialized with port(s): 8080 (http)
2022-02-03 17:39:21,482 [INFO] from org.apache.coyote.http11.Http11NioProtocol in restartedMain - Initializing ProtocolHandler ["http-nio-8080"]
2022-02-03 17:39:21,482 [INFO] from org.apache.catalina.core.StandardService in restartedMain - Starting service [Tomcat]
2022-02-03 17:39:21,482 [INFO] from org.apache.catalina.core.StandardEngine in restartedMain - Starting Servlet engine: [Apache Tomcat/9.0.33]
2022-02-03 17:39:21,598 [INFO] from org.apache.catalina.core.ContainerBase.[Tomcat].[localhost].[/] in restartedMain - Initializing Spring embedded WebApplicationContext
2022-02-03 17:39:21,613 [INFO] from org.springframework.web.context.ContextLoader in restartedMain - Root WebApplicationContext: initialization completed in 1769 ms
2022-02-03 17:39:23,764 [WARN] from org.springframework.data.convert.CustomConversions in restartedMain - Registering converter from class org.springframework.data.geo.Point to interface java.util.Map as writing converter although it doesn't convert to a store-supported type! You might want to check your annotation setup at the converter implementation.
2022-02-03 17:39:23,764 [WARN] from org.springframework.data.convert.CustomConversions in restartedMain - Registering converter from interface java.util.Map to class org.springframework.data.geo.Point as reading converter although it doesn't convert from a store-supported type! You might want to check your annotation setup at the converter implementation.
2022-02-03 17:39:23,764 [WARN] from org.springframework.data.convert.CustomConversions in restartedMain - Registering converter from class org.springframework.data.elasticsearch.core.geo.GeoPoint to interface java.util.Map as writing converter although it doesn't convert to a store-supported type! You might want to check your annotation setup at the converter implementation.
2022-02-03 17:39:23,764 [WARN] from org.springframework.data.convert.CustomConversions in restartedMain - Registering converter from interface java.util.Map to class org.springframework.data.elasticsearch.core.geo.GeoPoint as reading converter although it doesn't convert from a store-supported type! You might want to check your annotation setup at the converter implementation.
2022-02-03 17:39:23,802 [INFO] from com.bruincreates.server.configuration.ExecutorConfig in restartedMain - Start SpringBoot Thread Pool
2022-02-03 17:39:23,802 [INFO] from org.springframework.scheduling.concurrent.ThreadPoolTaskExecutor in restartedMain - Initializing ExecutorService
2022-02-03 17:39:23,802 [INFO] from org.springframework.scheduling.concurrent.ThreadPoolTaskExecutor in restartedMain - Initializing ExecutorService 'asyncServiceExecutor'
2022-02-03 17:39:24,049 [INFO] from org.springframework.security.web.DefaultSecurityFilterChain in restartedMain - Creating filter chain: any request, [org.springframework.security.web.context.request.async.WebAsyncManagerIntegrationFilter@43c9d4, org.springframework.security.web.context.SecurityContextPersistenceFilter@17d7347, org.springframework.security.web.header.HeaderWriterFilter@17b4a22, org.springframework.web.filter.CorsFilter@61e732, org.springframework.security.web.authentication.logout.LogoutFilter@51ad2f, org.springframework.security.web.authentication.UsernamePasswordAuthenticationFilter@1ddcb5c, org.springframework.security.web.session.ConcurrentSessionFilter@16ff01c, org.springframework.security.web.savedrequest.RequestCacheAwareFilter@69ed26, org.springframework.security.web.servletapi.SecurityContextHolderAwareRequestFilter@1243d68, org.springframework.security.web.authentication.AnonymousAuthenticationFilter@1c4f0d1, org.springframework.security.web.session.SessionManagementFilter@1255248, org.springframework.security.web.access.ExceptionTranslationFilter@1a9c55c, org.springframework.security.web.access.intercept.FilterSecurityInterceptor@14350e3]
2022-02-03 17:39:24,196 [INFO] from io.lettuce.core.EpollProvider in restartedMain - Starting without optional epoll library
2022-02-03 17:39:24,196 [INFO] from io.lettuce.core.KqueueProvider in restartedMain - Starting without optional kqueue library
2022-02-03 17:39:27,457 [WARN] from org.springframework.boot.web.servlet.context.AnnotationConfigServletWebServerApplicationContext in restartedMain - Exception encountered during context initialization - cancelling refresh attempt: org.springframework.beans.factory.BeanCreationException: Error creating bean with name 'enableRedisKeyspaceNotificationsInitializer' defined in org.springframework.session.data.redis.config.annotation.web.http.RedisHttpSessionConfiguration: Invocation of init method failed; nested exception is org.springframework.data.redis.RedisConnectionFailureException: Unable to connect to Redis; nested exception is io.lettuce.core.RedisConnectionException: Unable to connect to 127.0.0.1:6379
2022-02-03 17:39:27,457 [INFO] from org.springframework.scheduling.concurrent.ThreadPoolTaskExecutor in restartedMain - Shutting down ExecutorService 'asyncServiceExecutor'
2022-02-03 17:39:27,657 [INFO] from org.apache.catalina.core.StandardService in restartedMain - Stopping service [Tomcat]
2022-02-03 17:39:27,673 [INFO] from org.springframework.boot.autoconfigure.logging.ConditionEvaluationReportLoggingListener in restartedMain - 

Error starting ApplicationContext. To display the conditions report re-run your application with 'debug' enabled.
2022-02-03 17:39:27,673 [ERROR] from org.springframework.boot.SpringApplication in restartedMain - Application run failed
org.springframework.beans.factory.BeanCreationException: Error creating bean with name 'enableRedisKeyspaceNotificationsInitializer' defined in org.springframework.session.data.redis.config.annotation.web.http.RedisHttpSessionConfiguration: Invocation of init method failed; nested exception is org.springframework.data.redis.RedisConnectionFailureException: Unable to connect to Redis; nested exception is io.lettuce.core.RedisConnectionException: Unable to connect to 127.0.0.1:6379
	at org.springframework.beans.factory.support.AbstractAutowireCapableBeanFactory.initializeBean(AbstractAutowireCapableBeanFactory.java:1796)
	at org.springframework.beans.factory.support.AbstractAutowireCapableBeanFactory.doCreateBean(AbstractAutowireCapableBeanFactory.java:595)
	at org.springframework.beans.factory.support.AbstractAutowireCapableBeanFactory.createBean(AbstractAutowireCapableBeanFactory.java:517)
	at org.springframework.beans.factory.support.AbstractBeanFactory.lambda$doGetBean$0(AbstractBeanFactory.java:323)
	at org.springframework.beans.factory.support.DefaultSingletonBeanRegistry.getSingleton(DefaultSingletonBeanRegistry.java:222)
	at org.springframework.beans.factory.support.AbstractBeanFactory.doGetBean(AbstractBeanFactory.java:321)
	at org.springframework.beans.factory.support.AbstractBeanFactory.getBean(AbstractBeanFactory.java:202)
	at org.springframework.beans.factory.support.DefaultListableBeanFactory.preInstantiateSingletons(DefaultListableBeanFactory.java:882)
	at org.springframework.context.support.AbstractApplicationContext.finishBeanFactoryInitialization(AbstractApplicationContext.java:878)
	at org.springframework.context.support.AbstractApplicationContext.refresh(AbstractApplicationContext.java:550)
	at org.springframework.boot.web.servlet.context.ServletWebServerApplicationContext.refresh(ServletWebServerApplicationContext.java:141)
	at org.springframework.boot.SpringApplication.refresh(SpringApplication.java:747)
	at org.springframework.boot.SpringApplication.refreshContext(SpringApplication.java:397)
	at org.springframework.boot.SpringApplication.run(SpringApplication.java:315)
	at org.springframework.boot.SpringApplication.run(SpringApplication.java:1226)
	at org.springframework.boot.SpringApplication.run(SpringApplication.java:1215)
	at com.bruincreates.server.ServerApplication.main(ServerApplication.java:11)
	at sun.reflect.NativeMethodAccessorImpl.invoke0(Native Method)
	at sun.reflect.NativeMethodAccessorImpl.invoke(NativeMethodAccessorImpl.java:62)
	at sun.reflect.DelegatingMethodAccessorImpl.invoke(DelegatingMethodAccessorImpl.java:43)
	at java.lang.reflect.Method.invoke(Method.java:498)
	at org.springframework.boot.devtools.restart.RestartLauncher.run(RestartLauncher.java:49)
Caused by: org.springframework.data.redis.RedisConnectionFailureException: Unable to connect to Redis; nested exception is io.lettuce.core.RedisConnectionException: Unable to connect to 127.0.0.1:6379
	at org.springframework.data.redis.connection.lettuce.LettuceConnectionFactory$SharedConnection.getNativeConnection(LettuceConnectionFactory.java:1199)
	at org.springframework.data.redis.connection.lettuce.LettuceConnectionFactory$SharedConnection.getConnection(LettuceConnectionFactory.java:1178)
	at org.springframework.data.redis.connection.lettuce.LettuceConnectionFactory.getSharedConnection(LettuceConnectionFactory.java:942)
	at org.springframework.data.redis.connection.lettuce.LettuceConnectionFactory.getConnection(LettuceConnectionFactory.java:353)
	at org.springframework.session.data.redis.config.annotation.web.http.RedisHttpSessionConfiguration$EnableRedisKeyspaceNotificationsInitializer.afterPropertiesSet(RedisHttpSessionConfiguration.java:331)
	at org.springframework.beans.factory.support.AbstractAutowireCapableBeanFactory.invokeInitMethods(AbstractAutowireCapableBeanFactory.java:1855)
	at org.springframework.beans.factory.support.AbstractAutowireCapableBeanFactory.initializeBean(AbstractAutowireCapableBeanFactory.java:1792)
	... 21 common frames omitted
Caused by: io.lettuce.core.RedisConnectionException: Unable to connect to 127.0.0.1:6379
	at io.lettuce.core.RedisConnectionException.create(RedisConnectionException.java:78)
	at io.lettuce.core.RedisConnectionException.create(RedisConnectionException.java:56)
	at io.lettuce.core.AbstractRedisClient.getConnection(AbstractRedisClient.java:234)
	at io.lettuce.core.RedisClient.connect(RedisClient.java:207)
	at org.springframework.data.redis.connection.lettuce.StandaloneConnectionProvider.lambda$getConnection$1(StandaloneConnectionProvider.java:115)
	at java.util.Optional.orElseGet(Optional.java:267)
	at org.springframework.data.redis.connection.lettuce.StandaloneConnectionProvider.getConnection(StandaloneConnectionProvider.java:115)
	at org.springframework.data.redis.connection.lettuce.LettuceConnectionFactory$SharedConnection.getNativeConnection(LettuceConnectionFactory.java:1197)
	... 27 common frames omitted
Caused by: io.netty.channel.AbstractChannel$AnnotatedConnectException: Connection refused: no further information: /127.0.0.1:6379
Caused by: java.net.ConnectException: Connection refused: no further information
	at sun.nio.ch.SocketChannelImpl.checkConnect(Native Method)
	at sun.nio.ch.SocketChannelImpl.finishConnect(SocketChannelImpl.java:715)
	at io.netty.channel.socket.nio.NioSocketChannel.doFinishConnect(NioSocketChannel.java:330)
	at io.netty.channel.nio.AbstractNioChannel$AbstractNioUnsafe.finishConnect(AbstractNioChannel.java:334)
	at io.netty.channel.nio.NioEventLoop.processSelectedKey(NioEventLoop.java:702)
	at io.netty.channel.nio.NioEventLoop.processSelectedKeysOptimized(NioEventLoop.java:650)
	at io.netty.channel.nio.NioEventLoop.processSelectedKeys(NioEventLoop.java:576)
	at io.netty.channel.nio.NioEventLoop.run(NioEventLoop.java:493)
	at io.netty.util.concurrent.SingleThreadEventExecutor$4.run(SingleThreadEventExecutor.java:989)
	at io.netty.util.internal.ThreadExecutorMap$2.run(ThreadExecutorMap.java:74)
	at io.netty.util.concurrent.FastThreadLocalRunnable.run(FastThreadLocalRunnable.java:30)
	at java.lang.Thread.run(Thread.java:748)
2022-02-03 17:39:47,158 [INFO] from com.bruincreates.server.ServerApplication in restartedMain - Starting ServerApplication on Auto with PID 1520 (C:\Users\iston\IdeaProjects\bruincreates-backend-TD-1.0\target\classes started by Tony D in C:\Users\iston\IdeaProjects\bruincreates-backend-TD-1.0)
2022-02-03 17:39:47,158 [INFO] from com.bruincreates.server.ServerApplication in restartedMain - No active profile set, falling back to default profiles: default
2022-02-03 17:39:47,190 [INFO] from org.springframework.boot.devtools.env.DevToolsPropertyDefaultsPostProcessor in restartedMain - Devtools property defaults active! Set 'spring.devtools.add-properties' to 'false' to disable
2022-02-03 17:39:47,190 [INFO] from org.springframework.boot.devtools.env.DevToolsPropertyDefaultsPostProcessor in restartedMain - For additional web related logging consider setting the 'logging.level.web' property to 'DEBUG'
2022-02-03 17:39:47,876 [INFO] from org.springframework.data.repository.config.RepositoryConfigurationDelegate in restartedMain - Multiple Spring Data modules found, entering strict repository configuration mode!
2022-02-03 17:39:47,891 [INFO] from org.springframework.data.repository.config.RepositoryConfigurationDelegate in restartedMain - Bootstrapping Spring Data Elasticsearch repositories in DEFAULT mode.
2022-02-03 17:39:47,929 [INFO] from org.springframework.data.repository.config.RepositoryConfigurationDelegate in restartedMain - Finished Spring Data repository scanning in 35ms. Found 0 Elasticsearch repository interfaces.
2022-02-03 17:39:47,929 [INFO] from org.springframework.data.repository.config.RepositoryConfigurationDelegate in restartedMain - Multiple Spring Data modules found, entering strict repository configuration mode!
2022-02-03 17:39:47,929 [INFO] from org.springframework.data.repository.config.RepositoryConfigurationDelegate in restartedMain - Bootstrapping Spring Data Reactive Elasticsearch repositories in DEFAULT mode.
2022-02-03 17:39:47,945 [INFO] from org.springframework.data.repository.config.RepositoryConfigurationDelegate in restartedMain - Finished Spring Data repository scanning in 23ms. Found 0 Reactive Elasticsearch repository interfaces.
2022-02-03 17:39:47,960 [INFO] from org.springframework.data.repository.config.RepositoryConfigurationDelegate in restartedMain - Multiple Spring Data modules found, entering strict repository configuration mode!
2022-02-03 17:39:47,960 [INFO] from org.springframework.data.repository.config.RepositoryConfigurationDelegate in restartedMain - Bootstrapping Spring Data Redis repositories in DEFAULT mode.
2022-02-03 17:39:47,992 [INFO] from org.springframework.data.repository.config.RepositoryConfigurationDelegate in restartedMain - Finished Spring Data repository scanning in 23ms. Found 0 Redis repository interfaces.
2022-02-03 17:39:48,308 [INFO] from org.springframework.context.support.PostProcessorRegistrationDelegate$BeanPostProcessorChecker in restartedMain - Bean 'org.springframework.security.config.annotation.configuration.ObjectPostProcessorConfiguration' of type [org.springframework.security.config.annotation.configuration.ObjectPostProcessorConfiguration] is not eligible for getting processed by all BeanPostProcessors (for example: not eligible for auto-proxying)
2022-02-03 17:39:48,346 [INFO] from org.springframework.context.support.PostProcessorRegistrationDelegate$BeanPostProcessorChecker in restartedMain - Bean 'objectPostProcessor' of type [org.springframework.security.config.annotation.configuration.AutowireBeanFactoryObjectPostProcessor] is not eligible for getting processed by all BeanPostProcessors (for example: not eligible for auto-proxying)
2022-02-03 17:39:48,346 [INFO] from org.springframework.context.support.PostProcessorRegistrationDelegate$BeanPostProcessorChecker in restartedMain - Bean 'org.springframework.security.access.expression.method.DefaultMethodSecurityExpressionHandler@1860b0e' of type [org.springframework.security.access.expression.method.DefaultMethodSecurityExpressionHandler] is not eligible for getting processed by all BeanPostProcessors (for example: not eligible for auto-proxying)
2022-02-03 17:39:48,346 [INFO] from org.springframework.context.support.PostProcessorRegistrationDelegate$BeanPostProcessorChecker in restartedMain - Bean 'org.springframework.security.config.annotation.method.configuration.GlobalMethodSecurityConfiguration' of type [org.springframework.security.config.annotation.method.configuration.GlobalMethodSecurityConfiguration] is not eligible for getting processed by all BeanPostProcessors (for example: not eligible for auto-proxying)
2022-02-03 17:39:48,346 [INFO] from org.springframework.context.support.PostProcessorRegistrationDelegate$BeanPostProcessorChecker in restartedMain - Bean 'methodSecurityMetadataSource' of type [org.springframework.security.access.method.DelegatingMethodSecurityMetadataSource] is not eligible for getting processed by all BeanPostProcessors (for example: not eligible for auto-proxying)
2022-02-03 17:39:48,725 [INFO] from org.springframework.boot.web.embedded.tomcat.TomcatWebServer in restartedMain - Tomcat initialized with port(s): 8080 (http)
2022-02-03 17:39:48,731 [INFO] from org.apache.coyote.http11.Http11NioProtocol in restartedMain - Initializing ProtocolHandler ["http-nio-8080"]
2022-02-03 17:39:48,731 [INFO] from org.apache.catalina.core.StandardService in restartedMain - Starting service [Tomcat]
2022-02-03 17:39:48,731 [INFO] from org.apache.catalina.core.StandardEngine in restartedMain - Starting Servlet engine: [Apache Tomcat/9.0.33]
2022-02-03 17:39:48,863 [INFO] from org.apache.catalina.core.ContainerBase.[Tomcat].[localhost].[/] in restartedMain - Initializing Spring embedded WebApplicationContext
2022-02-03 17:39:48,863 [INFO] from org.springframework.web.context.ContextLoader in restartedMain - Root WebApplicationContext: initialization completed in 1673 ms
2022-02-03 17:39:50,914 [WARN] from org.springframework.data.convert.CustomConversions in restartedMain - Registering converter from class org.springframework.data.geo.Point to interface java.util.Map as writing converter although it doesn't convert to a store-supported type! You might want to check your annotation setup at the converter implementation.
2022-02-03 17:39:50,914 [WARN] from org.springframework.data.convert.CustomConversions in restartedMain - Registering converter from interface java.util.Map to class org.springframework.data.geo.Point as reading converter although it doesn't convert from a store-supported type! You might want to check your annotation setup at the converter implementation.
2022-02-03 17:39:50,914 [WARN] from org.springframework.data.convert.CustomConversions in restartedMain - Registering converter from class org.springframework.data.elasticsearch.core.geo.GeoPoint to interface java.util.Map as writing converter although it doesn't convert to a store-supported type! You might want to check your annotation setup at the converter implementation.
2022-02-03 17:39:50,914 [WARN] from org.springframework.data.convert.CustomConversions in restartedMain - Registering converter from interface java.util.Map to class org.springframework.data.elasticsearch.core.geo.GeoPoint as reading converter although it doesn't convert from a store-supported type! You might want to check your annotation setup at the converter implementation.
2022-02-03 17:39:50,936 [INFO] from com.bruincreates.server.configuration.ExecutorConfig in restartedMain - Start SpringBoot Thread Pool
2022-02-03 17:39:50,936 [INFO] from org.springframework.scheduling.concurrent.ThreadPoolTaskExecutor in restartedMain - Initializing ExecutorService
2022-02-03 17:39:50,936 [INFO] from org.springframework.scheduling.concurrent.ThreadPoolTaskExecutor in restartedMain - Initializing ExecutorService 'asyncServiceExecutor'
2022-02-03 17:39:51,153 [INFO] from org.springframework.security.web.DefaultSecurityFilterChain in restartedMain - Creating filter chain: any request, [org.springframework.security.web.context.request.async.WebAsyncManagerIntegrationFilter@1fbbf11, org.springframework.security.web.context.SecurityContextPersistenceFilter@ad72f9, org.springframework.security.web.header.HeaderWriterFilter@16e6f12, org.springframework.web.filter.CorsFilter@1e9998c, org.springframework.security.web.authentication.logout.LogoutFilter@16dae7e, org.springframework.security.web.authentication.UsernamePasswordAuthenticationFilter@f798a1, org.springframework.security.web.session.ConcurrentSessionFilter@1dfef04, org.springframework.security.web.savedrequest.RequestCacheAwareFilter@815806, org.springframework.security.web.servletapi.SecurityContextHolderAwareRequestFilter@198c9d8, org.springframework.security.web.authentication.AnonymousAuthenticationFilter@58e907, org.springframework.security.web.session.SessionManagementFilter@1eca049, org.springframework.security.web.access.ExceptionTranslationFilter@18e956d, org.springframework.security.web.access.intercept.FilterSecurityInterceptor@1d51d71]
2022-02-03 17:39:51,237 [INFO] from io.lettuce.core.EpollProvider in restartedMain - Starting without optional epoll library
2022-02-03 17:39:51,237 [INFO] from io.lettuce.core.KqueueProvider in restartedMain - Starting without optional kqueue library
2022-02-03 17:39:52,773 [INFO] from org.springframework.boot.devtools.autoconfigure.OptionalLiveReloadServer in restartedMain - LiveReload server is running on port 35729
2022-02-03 17:39:53,391 [INFO] from org.springframework.scheduling.annotation.ScheduledAnnotationBeanPostProcessor in restartedMain - No TaskScheduler/ScheduledExecutorService bean found for scheduled processing
2022-02-03 17:39:53,391 [INFO] from org.apache.coyote.http11.Http11NioProtocol in restartedMain - Starting ProtocolHandler ["http-nio-8080"]
2022-02-03 17:39:53,407 [INFO] from org.springframework.boot.web.embedded.tomcat.TomcatWebServer in restartedMain - Tomcat started on port(s): 8080 (http) with context path ''
2022-02-03 17:39:53,407 [INFO] from com.bruincreates.server.ServerApplication in restartedMain - Started ServerApplication in 6.632 seconds (JVM running for 7.845)
2022-02-03 17:51:01,115 [INFO] from org.apache.catalina.core.ContainerBase.[Tomcat].[localhost].[/] in http-nio-8080-exec-2 - Initializing Spring DispatcherServlet 'dispatcherServlet'
2022-02-03 17:51:01,115 [INFO] from org.springframework.web.servlet.DispatcherServlet in http-nio-8080-exec-2 - Initializing Servlet 'dispatcherServlet'
2022-02-03 17:51:01,121 [INFO] from org.springframework.web.servlet.DispatcherServlet in http-nio-8080-exec-2 - Completed initialization in 6 ms
2022-02-03 17:51:01,346 [INFO] from com.zaxxer.hikari.HikariDataSource in http-nio-8080-exec-2 - HikariPool-1 - Starting...
2022-02-03 17:51:01,560 [INFO] from com.zaxxer.hikari.HikariDataSource in http-nio-8080-exec-2 - HikariPool-1 - Start completed.
2022-02-03 17:51:01,665 [INFO] from com.bruincreates.server.security.LoginSuccessHandler in http-nio-8080-exec-2 - Login succeed: [Tony]
2022-02-03 17:51:01,698 [INFO] from com.bruincreates.server.security.RestHttpSessionIdResolver in http-nio-8080-exec-2 - BruinCreatesSessionId=1029a6ea-5c4a-475f-9a34-91fbe7bc5680
